{
  "stats": {
    "suites": 31,
    "tests": 63,
    "passes": 55,
    "pending": 0,
    "failures": 7,
    "testsRegistered": 63,
    "passPercent": 87.3015873015873,
    "pendingPercent": 0,
    "other": 0,
    "hasOther": false,
    "skipped": 1,
    "hasSkipped": true,
    "start": "2023-06-16T19:04:03.414Z",
    "end": "2023-06-16T19:13:09.587Z",
    "duration": 546173
  },
  "results": [
    {
      "uuid": "e50d3c93-0231-417c-b767-4e8e3c23ce9e",
      "title": "",
      "fullFile": "cypress\\e2e\\automation-test-store\\alias-invokes.js",
      "file": "cypress\\e2e\\automation-test-store\\alias-invokes.js",
      "beforeHooks": [],
      "afterHooks": [],
      "tests": [],
      "suites": [
        {
          "uuid": "ffcb66c3-0588-45d2-bb19-18cadb38caca",
          "title": "Alias and invikes",
          "fullFile": "",
          "file": "",
          "beforeHooks": [],
          "afterHooks": [],
          "tests": [
            {
              "title": "Calculate total of nornal and sale products1",
              "fullTitle": "Alias and invikes Calculate total of nornal and sale products1",
              "timedOut": null,
              "duration": 12227,
              "state": "passed",
              "speed": "slow",
              "pass": true,
              "fail": false,
              "pending": false,
              "context": null,
              "code": "// Lecture 97\ncy.visit(\"https://automationteststore.com/\");\n/*\ncy.get(\".thumbnail\").as('allThumbnail')\ncy.get('@allThumbnail').find('.oneprice').each(($el, index, $list) => {\n    cy.log($el.text())\n    })\n    */\n// Lecture 98 and 99\ncy.get(\".thumbnail\").find('.oneprice').invoke('text').as('itemPrice');\ncy.get(\".thumbnail\").find('.pricenew').invoke('text').as('saleItemPrice');\nvar itemsTotal = 0;\ncy.get('@itemPrice').then($linkText => {\n  var itemPriceTotal = 0;\n  var itemPrice = $linkText.split('$');\n  var i;\n  for (i = 0; i < itemPrice.length; i++) {\n    cy.log(itemPrice[i]);\n    itemPriceTotal += Number(itemPrice[i]);\n  }\n  itemsTotal += itemPriceTotal;\n  cy.log(\"Non sale price item total : \" + itemPriceTotal);\n});\n// Lecture 100\ncy.get('@saleItemPrice').then($linkText => {\n  var saleItemsPrice = 0;\n  var saleItemPrice = $linkText.split('$');\n  var i;\n  for (i = 0; i < saleItemPrice.length; i++) {\n    cy.log(saleItemPrice[i]);\n    saleItemsPrice += Number(saleItemPrice[i]);\n  }\n  itemsTotal += saleItemsPrice;\n  cy.log(\"Sale price item total : \" + saleItemsPrice);\n}).then(() => {\n  cy.log(\"The total price of all products : \" + itemsTotal);\n  expect(itemsTotal).to.equal(656.50);\n});",
              "err": {},
              "uuid": "bd3b1041-136b-4041-bd72-af43471b79d3",
              "parentUUID": "ffcb66c3-0588-45d2-bb19-18cadb38caca",
              "isHook": false,
              "skipped": false
            }
          ],
          "suites": [],
          "passes": [
            "bd3b1041-136b-4041-bd72-af43471b79d3"
          ],
          "failures": [],
          "pending": [],
          "skipped": [],
          "duration": 12227,
          "root": false,
          "rootEmpty": false,
          "_timeout": 2000
        }
      ],
      "passes": [],
      "failures": [],
      "pending": [],
      "skipped": [],
      "duration": 0,
      "root": true,
      "rootEmpty": true,
      "_timeout": 2000
    },
    {
      "uuid": "cf02251f-b8c8-4c8a-9d26-557f55406ae1",
      "title": "",
      "fullFile": "cypress\\e2e\\automation-test-store\\contact-us.js",
      "file": "cypress\\e2e\\automation-test-store\\contact-us.js",
      "beforeHooks": [],
      "afterHooks": [],
      "tests": [],
      "suites": [
        {
          "uuid": "f39e10af-3459-4b0c-a7d3-f69a68fcb24d",
          "title": "Test Contact Us from via Automation Test Stores",
          "fullFile": "",
          "file": "",
          "beforeHooks": [],
          "afterHooks": [],
          "tests": [
            {
              "title": "Should be able to submit a successful submission via contact us form",
              "fullTitle": "Test Contact Us from via Automation Test Stores Should be able to submit a successful submission via contact us form",
              "timedOut": null,
              "duration": 29140,
              "state": "passed",
              "speed": "slow",
              "pass": true,
              "fail": false,
              "pending": false,
              "context": null,
              "code": "cy.visit(\"https://www.automationteststore.com/\");\ncy.get(\"a[href$='contact']\").click().then(function (linkText) {\n  cy.log(\"Clicked on link using text: \" + linkText.text());\n});\n//cy.xpath(\"//a[contains(@href, 'contact')]\").click();\ncy.get(\"@user\").then(user => {\n  cy.get('#ContactUsFrm_first_name').type(user.first_name);\n  cy.get('#ContactUsFrm_email').type(user.email);\n});\ncy.get('#ContactUsFrm_email').should('have.attr', 'name', 'email');\ncy.get('#ContactUsFrm_enquiry').type(\"Do you provide additional discount on bulk orders?\");\ncy.get(\"button[title='Submit']\").click();\ncy.get('.mb40 > :nth-child(3)').should('have.text', 'Your enquiry has been successfully sent to the store owner!');\ncy.log(\"Test has completed!\");",
              "err": {},
              "uuid": "55e6aa0d-6cb5-46a4-b07c-71b949a74e88",
              "parentUUID": "f39e10af-3459-4b0c-a7d3-f69a68fcb24d",
              "isHook": false,
              "skipped": false
            }
          ],
          "suites": [],
          "passes": [
            "55e6aa0d-6cb5-46a4-b07c-71b949a74e88"
          ],
          "failures": [],
          "pending": [],
          "skipped": [],
          "duration": 29140,
          "root": false,
          "rootEmpty": false,
          "_timeout": 2000
        }
      ],
      "passes": [],
      "failures": [],
      "pending": [],
      "skipped": [],
      "duration": 0,
      "root": true,
      "rootEmpty": true,
      "_timeout": 2000
    },
    {
      "uuid": "4eeeb679-69d7-4329-af7f-bb6711568644",
      "title": "",
      "fullFile": "cypress\\e2e\\automation-test-store\\inspect-item.js",
      "file": "cypress\\e2e\\automation-test-store\\inspect-item.js",
      "beforeHooks": [],
      "afterHooks": [],
      "tests": [],
      "suites": [
        {
          "uuid": "eb036dc2-7a42-4b38-9db9-7493092c3057",
          "title": "Inspect Automation Test Store items using chain of commands",
          "fullFile": "",
          "file": "",
          "beforeHooks": [],
          "afterHooks": [],
          "tests": [
            {
              "title": "Click on the first item using item header",
              "fullTitle": "Inspect Automation Test Store items using chain of commands Click on the first item using item header",
              "timedOut": null,
              "duration": 18614,
              "state": "passed",
              "speed": "slow",
              "pass": true,
              "fail": false,
              "pending": false,
              "context": null,
              "code": "cy.visit(\"https://automationteststore.com/\");\ncy.get('#block_frame_featured_1769 > .thumbnails > :nth-child(1) > .fixed_wrapper > .fixed > .prdocutname').click();",
              "err": {},
              "uuid": "41b43250-dc2a-45a8-89b4-f6575cb80678",
              "parentUUID": "eb036dc2-7a42-4b38-9db9-7493092c3057",
              "isHook": false,
              "skipped": false
            },
            {
              "title": "Click on the first item using item text",
              "fullTitle": "Inspect Automation Test Store items using chain of commands Click on the first item using item text",
              "timedOut": null,
              "duration": 12250,
              "state": "passed",
              "speed": "slow",
              "pass": true,
              "fail": false,
              "pending": false,
              "context": null,
              "code": "cy.visit(\"https://automationteststore.com/\");\ncy.get('.prdocutname').contains('Skinsheen Bronzer Stick').click().then(function (itemHeaderText) {\n  console.log(\"Selected the following item: \" + itemHeaderText.text());\n});",
              "err": {},
              "uuid": "911daf02-2269-42fd-98ad-99d7d71265cc",
              "parentUUID": "eb036dc2-7a42-4b38-9db9-7493092c3057",
              "isHook": false,
              "skipped": false
            },
            {
              "title": "Click on the first item using index",
              "fullTitle": "Inspect Automation Test Store items using chain of commands Click on the first item using index",
              "timedOut": null,
              "duration": 4844,
              "state": "passed",
              "speed": "fast",
              "pass": true,
              "fail": false,
              "pending": false,
              "context": null,
              "code": "cy.visit(\"https://automationteststore.com/\");\ncy.get('.fixed_wrapper').find('.prdocutname').eq(0).click();",
              "err": {},
              "uuid": "696e10c0-1145-49a7-899d-23e435e66f81",
              "parentUUID": "eb036dc2-7a42-4b38-9db9-7493092c3057",
              "isHook": false,
              "skipped": false
            }
          ],
          "suites": [],
          "passes": [
            "41b43250-dc2a-45a8-89b4-f6575cb80678",
            "911daf02-2269-42fd-98ad-99d7d71265cc",
            "696e10c0-1145-49a7-899d-23e435e66f81"
          ],
          "failures": [],
          "pending": [],
          "skipped": [],
          "duration": 35708,
          "root": false,
          "rootEmpty": false,
          "_timeout": 2000
        }
      ],
      "passes": [],
      "failures": [],
      "pending": [],
      "skipped": [],
      "duration": 0,
      "root": true,
      "rootEmpty": true,
      "_timeout": 2000
    },
    {
      "uuid": "440087e4-cbbb-4ec3-971a-bc91c0cf1806",
      "title": "",
      "fullFile": "cypress\\e2e\\automation-test-store\\iterate-over-elements.js",
      "file": "cypress\\e2e\\automation-test-store\\iterate-over-elements.js",
      "beforeHooks": [],
      "afterHooks": [],
      "tests": [],
      "suites": [
        {
          "uuid": "408a673c-0b7d-4e41-9e93-f0dd933e39a3",
          "title": "Iterate Over Elements",
          "fullFile": "",
          "file": "",
          "beforeHooks": [],
          "afterHooks": [],
          "tests": [
            {
              "title": "Log information for all Hair care products",
              "fullTitle": "Iterate Over Elements Log information for all Hair care products",
              "timedOut": null,
              "duration": 17531,
              "state": "passed",
              "speed": "slow",
              "pass": true,
              "fail": false,
              "pending": false,
              "context": null,
              "code": "// Lecture 90 and 91 and 92\ncy.get('.fixed_wrapper .prdocutname').each(($el, index, $list) => {\n  cy.log(\"Index : \" + index + \" : \" + $el.text());\n});",
              "err": {},
              "uuid": "882fc2c5-8074-4d94-a624-3eaa664c2bd1",
              "parentUUID": "408a673c-0b7d-4e41-9e93-f0dd933e39a3",
              "isHook": false,
              "skipped": false
            },
            {
              "title": "Add specific product to basket",
              "fullTitle": "Iterate Over Elements Add specific product to basket",
              "timedOut": null,
              "duration": 8001,
              "state": "passed",
              "speed": "medium",
              "pass": true,
              "fail": false,
              "pending": false,
              "context": null,
              "code": "/*cy.get('.fixed_wrapper .prdocutname').each(($el, index, $list) => {\n    if($el.text().includes('Curls to straight Shampoo')){\n        cy.wrap($el).click()\n    }\n  })*/\n// Lecture 177 to 180\ncy.selectProduct('Curls to straight Shampoo');",
              "err": {},
              "uuid": "a264c185-8d11-4a87-b167-726f51a1813a",
              "parentUUID": "408a673c-0b7d-4e41-9e93-f0dd933e39a3",
              "isHook": false,
              "skipped": false
            },
            {
              "title": "Add another specific product to basket",
              "fullTitle": "Iterate Over Elements Add another specific product to basket",
              "timedOut": null,
              "duration": 10986,
              "state": "passed",
              "speed": "slow",
              "pass": true,
              "fail": false,
              "pending": false,
              "context": null,
              "code": "cy.selectProduct('Seaweed Conditioner');",
              "err": {},
              "uuid": "a29bcadd-8418-45a5-8012-f7f7d6560e1d",
              "parentUUID": "408a673c-0b7d-4e41-9e93-f0dd933e39a3",
              "isHook": false,
              "skipped": false
            },
            {
              "title": "Add another new specific product to basket",
              "fullTitle": "Iterate Over Elements Add another new specific product to basket",
              "timedOut": null,
              "duration": 6973,
              "state": "passed",
              "speed": "medium",
              "pass": true,
              "fail": false,
              "pending": false,
              "context": null,
              "code": "cy.selectProduct('Eau Parfumee au The Vert Shampoo');",
              "err": {},
              "uuid": "1f2d6b26-ffc6-4f9c-8f4d-ef4447796ceb",
              "parentUUID": "408a673c-0b7d-4e41-9e93-f0dd933e39a3",
              "isHook": false,
              "skipped": false
            }
          ],
          "suites": [],
          "passes": [
            "882fc2c5-8074-4d94-a624-3eaa664c2bd1",
            "a264c185-8d11-4a87-b167-726f51a1813a",
            "a29bcadd-8418-45a5-8012-f7f7d6560e1d",
            "1f2d6b26-ffc6-4f9c-8f4d-ef4447796ceb"
          ],
          "failures": [],
          "pending": [],
          "skipped": [],
          "duration": 43491,
          "root": false,
          "rootEmpty": false,
          "_timeout": 2000
        }
      ],
      "passes": [],
      "failures": [],
      "pending": [],
      "skipped": [],
      "duration": 0,
      "root": true,
      "rootEmpty": true,
      "_timeout": 2000
    },
    {
      "uuid": "d42b108f-8c0a-4859-8226-f272101a9b65",
      "title": "",
      "fullFile": "cypress\\e2e\\automation-test-store\\variables-and-cy-commands.js",
      "file": "cypress\\e2e\\automation-test-store\\variables-and-cy-commands.js",
      "beforeHooks": [],
      "afterHooks": [],
      "tests": [],
      "suites": [
        {
          "uuid": "cfb9103f-bf68-47de-ae32-7399233596b1",
          "title": "Verifying variables, cypress commands and jquery commands,",
          "fullFile": "",
          "file": "",
          "beforeHooks": [],
          "afterHooks": [],
          "tests": [
            {
              "title": "Validate properties of the Contact Us page",
              "fullTitle": "Verifying variables, cypress commands and jquery commands, Validate properties of the Contact Us page",
              "timedOut": null,
              "duration": 7036,
              "state": "passed",
              "speed": "medium",
              "pass": true,
              "fail": false,
              "pending": false,
              "context": null,
              "code": "cy.visit(\"https://automationteststore.com/index.php?rt=content/contact\");\n//Uses cypress commands and chaining\ncy.contains('#ContactUsFrm', 'Contact Us Form').find('#field_11').should('contain', 'First name:');\n//JQuery Approach\ncy.contains('#ContactUsFrm', 'Contact Us Form').then(text => {\n  const firstNameText = text.find('#field_11').text();\n  expect(firstNameText).to.contain('First name:');\n});\n//Embedded commands (Closure)\ncy.get('#field_11').then(fnText => {\n  cy.log(fnText.text());\n  cy.log(fnText);\n});",
              "err": {},
              "uuid": "fb76aa4c-e5a4-46c6-b0af-5cd4906e2e75",
              "parentUUID": "cfb9103f-bf68-47de-ae32-7399233596b1",
              "isHook": false,
              "skipped": false
            }
          ],
          "suites": [],
          "passes": [
            "fb76aa4c-e5a4-46c6-b0af-5cd4906e2e75"
          ],
          "failures": [],
          "pending": [],
          "skipped": [],
          "duration": 7036,
          "root": false,
          "rootEmpty": false,
          "_timeout": 2000
        }
      ],
      "passes": [],
      "failures": [],
      "pending": [],
      "skipped": [],
      "duration": 0,
      "root": true,
      "rootEmpty": true,
      "_timeout": 2000
    },
    {
      "uuid": "4626db74-5f01-4b3e-8a53-a0484464e249",
      "title": "",
      "fullFile": "cypress\\e2e\\practice\\canvas-p.js",
      "file": "cypress\\e2e\\practice\\canvas-p.js",
      "beforeHooks": [],
      "afterHooks": [],
      "tests": [],
      "suites": [
        {
          "uuid": "ad06b41a-c690-49cb-a3d7-6daadc965208",
          "title": "CanvasGoogle",
          "fullFile": "",
          "file": "",
          "beforeHooks": [],
          "afterHooks": [],
          "tests": [
            {
              "title": "should click on a map",
              "fullTitle": "CanvasGoogle should click on a map",
              "timedOut": null,
              "duration": 13405,
              "state": "passed",
              "speed": "slow",
              "pass": true,
              "fail": false,
              "pending": false,
              "context": null,
              "code": "cy.canvas_click(700, 600);",
              "err": {},
              "uuid": "22aa7891-f90a-457a-9c2e-578743fb9b5f",
              "parentUUID": "ad06b41a-c690-49cb-a3d7-6daadc965208",
              "isHook": false,
              "skipped": false
            }
          ],
          "suites": [],
          "passes": [
            "22aa7891-f90a-457a-9c2e-578743fb9b5f"
          ],
          "failures": [],
          "pending": [],
          "skipped": [],
          "duration": 13405,
          "root": false,
          "rootEmpty": false,
          "_timeout": 2000
        }
      ],
      "passes": [],
      "failures": [],
      "pending": [],
      "skipped": [],
      "duration": 0,
      "root": true,
      "rootEmpty": true,
      "_timeout": 2000
    },
    {
      "uuid": "37454d97-f103-4e0f-b4b9-598f1cfee451",
      "title": "",
      "fullFile": "cypress\\e2e\\practice\\canvas.js",
      "file": "cypress\\e2e\\practice\\canvas.js",
      "beforeHooks": [],
      "afterHooks": [],
      "tests": [],
      "suites": [
        {
          "uuid": "98d5c69b-723d-4e0b-8ca6-31c30bad05f3",
          "title": "Canvas",
          "fullFile": "",
          "file": "",
          "beforeHooks": [],
          "afterHooks": [],
          "tests": [
            {
              "title": "should click a button on  canvas",
              "fullTitle": "Canvas should click a button on  canvas",
              "timedOut": null,
              "duration": 4987,
              "state": "passed",
              "speed": "fast",
              "pass": true,
              "fail": false,
              "pending": false,
              "context": null,
              "code": "//cy.viewport('iphone-x')\ncy.get('#burger_canvas').then($canvas => {\n  // Get dimension of the canvas\n  const canvasWidth = $canvas.width();\n  const canvasHeight = $canvas.height();\n  // Divide in half since cursor will be at center of canvas\n  const canvasCenterX = canvasWidth / 2;\n  const canvasCenterY = canvasHeight / 2;\n  // Determine the click position by dissecting the space where the button is\n  // This helps allow the test to work responsively\n  const buttonX = canvasCenterX + canvasCenterX / 3 * 2;\n  const buttonY = canvasCenterY + canvasCenterY / 3 * 2;\n  // Wrap the canvas with the Cypress API, scroll it into view, and click in the location!\n  cy.wrap($canvas).scrollIntoView().click(buttonX, buttonY);\n  /*   \n   cy.eyeOpen({\n     appName: 'The kitchen',\n     testName: 'Canvas'\n   })  \n    cy.eyeCheckWindow();\n   cy.eyeClose();  */\n});",
              "err": {},
              "uuid": "c04b74c6-5deb-4048-9ceb-0888e3236977",
              "parentUUID": "98d5c69b-723d-4e0b-8ca6-31c30bad05f3",
              "isHook": false,
              "skipped": false
            }
          ],
          "suites": [],
          "passes": [
            "c04b74c6-5deb-4048-9ceb-0888e3236977"
          ],
          "failures": [],
          "pending": [],
          "skipped": [],
          "duration": 4987,
          "root": false,
          "rootEmpty": false,
          "_timeout": 2000
        }
      ],
      "passes": [],
      "failures": [],
      "pending": [],
      "skipped": [],
      "duration": 0,
      "root": true,
      "rootEmpty": true,
      "_timeout": 2000
    },
    {
      "uuid": "09d0b790-7f74-4bbb-b831-51e55b4561a9",
      "title": "",
      "fullFile": "cypress\\e2e\\practice\\firelawn-login.js",
      "file": "cypress\\e2e\\practice\\firelawn-login.js",
      "beforeHooks": [],
      "afterHooks": [],
      "tests": [],
      "suites": [
        {
          "uuid": "f5e41a97-3903-4197-84ef-350129dce899",
          "title": "Firelawn new login",
          "fullFile": "",
          "file": "",
          "beforeHooks": [],
          "afterHooks": [],
          "tests": [
            {
              "title": "Men button click",
              "fullTitle": "Firelawn new login Men button click",
              "timedOut": null,
              "duration": 10208,
              "state": "failed",
              "speed": null,
              "pass": false,
              "fail": true,
              "pending": false,
              "context": null,
              "code": "cy.get('#men', {\n  timeout: 30000\n}).should('be.visible');\ncy.Click_button('#men');",
              "err": {
                "message": "CypressError: `cy.click()` failed because it requires a DOM element.\n\nNo elements in the current DOM matched your query:\n\n  > cy.get(button[aria-label='Account settings'])\n\nBecause this error occurred during a `after each` hook we are skipping the remaining tests in the current suite: `Firelawn new login`",
                "estack": "CypressError: `cy.click()` failed because it requires a DOM element.\n\nNo elements in the current DOM matched your query:\n\n  > cy.get(button[aria-label='Account settings'])\n\nBecause this error occurred during a `after each` hook we are skipping the remaining tests in the current suite: `Firelawn new login`\n    at isElement (https://www.firelawn.com/__cypress/runner/cypress_runner.js:161426:70)\n    at validateType (https://www.firelawn.com/__cypress/runner/cypress_runner.js:161284:14)\n    at Object.isType (https://www.firelawn.com/__cypress/runner/cypress_runner.js:161315:7)\n    at $Cy.pushSubject (https://www.firelawn.com/__cypress/runner/cypress_runner.js:161023:22)\n    at wrapped (https://www.firelawn.com/__cypress/runner/cypress_runner.js:160609:19)\nFrom Your Spec Code:\n    at Context.eval (webpack:///./cypress/support/commands.js:61:21)",
                "diff": null
              },
              "uuid": "3f368ec8-2718-4c70-8349-4506e98f41b0",
              "parentUUID": "f5e41a97-3903-4197-84ef-350129dce899",
              "isHook": false,
              "skipped": false
            },
            {
              "title": "Women button click",
              "fullTitle": "Firelawn new login Women button click",
              "timedOut": null,
              "duration": 0,
              "state": "skipped",
              "speed": null,
              "pass": false,
              "fail": false,
              "pending": false,
              "context": null,
              "code": "cy.get('#women', {\n  timeout: 30000\n}).should('be.visible');\ncy.Click_button('#women');",
              "err": {},
              "uuid": "354b57b6-3f5b-454c-ade2-541f364386d4",
              "parentUUID": "f5e41a97-3903-4197-84ef-350129dce899",
              "isHook": false,
              "skipped": true
            }
          ],
          "suites": [],
          "passes": [],
          "failures": [
            "3f368ec8-2718-4c70-8349-4506e98f41b0"
          ],
          "pending": [],
          "skipped": [
            "354b57b6-3f5b-454c-ade2-541f364386d4"
          ],
          "duration": 10208,
          "root": false,
          "rootEmpty": false,
          "_timeout": 2000
        }
      ],
      "passes": [],
      "failures": [],
      "pending": [],
      "skipped": [],
      "duration": 0,
      "root": true,
      "rootEmpty": true,
      "_timeout": 2000
    },
    {
      "uuid": "4004241a-c070-4080-a6f5-34479029961a",
      "title": "",
      "fullFile": "cypress\\e2e\\practice\\firelawn-p.js",
      "file": "cypress\\e2e\\practice\\firelawn-p.js",
      "beforeHooks": [],
      "afterHooks": [],
      "tests": [],
      "suites": [
        {
          "uuid": "682e7ba5-dbaf-40a8-92ee-e32b48063df2",
          "title": "Firelawn new site login",
          "fullFile": "",
          "file": "",
          "beforeHooks": [],
          "afterHooks": [],
          "tests": [
            {
              "title": "Login",
              "fullTitle": "Firelawn new site login Login",
              "timedOut": null,
              "duration": 34349,
              "state": "failed",
              "speed": null,
              "pass": false,
              "fail": true,
              "pending": false,
              "context": null,
              "code": "cy.session('Login Session', () => {\n  cy.visit(\"https://www.firelawn.com/\");\n  cy.fixture('example').then(data => {\n    //cy.wait(20000).Click_button('#loginBtn');\n    cy.get('#loginBtn', {\n      timeout: 30000\n    }).should('be.visible');\n    cy.Click_button('#loginBtn');\n    cy.get('#Email').type(data.email1); //email\n    cy.get('#Password').type(data.password); //password\n    cy.Click_button('#Login');\n    cy.wait(10000);\n    cy.get('#mem').should('be.visible');\n  });\n});",
              "err": {
                "message": "AssertionError: Timed out retrying after 30000ms: Expected to find element: `#loginBtn`, but never found it.\n\nThis error occurred while creating the session. Because the session setup failed, we failed the test.",
                "estack": "AssertionError: Timed out retrying after 30000ms: Expected to find element: `#loginBtn`, but never found it.\n\nThis error occurred while creating the session. Because the session setup failed, we failed the test.\n    at Context.eval (webpack:///./cypress/e2e/practice/firelawn-p.js:11:53)",
                "diff": null
              },
              "uuid": "4a846f2c-702f-459d-a4b7-1fd8cc5afa7a",
              "parentUUID": "682e7ba5-dbaf-40a8-92ee-e32b48063df2",
              "isHook": false,
              "skipped": false
            },
            {
              "title": "Men button click",
              "fullTitle": "Firelawn new site login Men button click",
              "timedOut": null,
              "duration": 20219,
              "state": "failed",
              "speed": null,
              "pass": false,
              "fail": true,
              "pending": false,
              "context": null,
              "code": "cy.wait(10000);\ncy.get('#mem').should('be.visible');",
              "err": {
                "message": "AssertionError: Timed out retrying after 10000ms: Expected to find element: `#mem`, but never found it.",
                "estack": "AssertionError: Timed out retrying after 10000ms: Expected to find element: `#mem`, but never found it.\n    at Context.eval (webpack:///./cypress/e2e/practice/firelawn-p.js:28:27)",
                "diff": null
              },
              "uuid": "96490b81-129b-43a3-82e4-1d2b758a0406",
              "parentUUID": "682e7ba5-dbaf-40a8-92ee-e32b48063df2",
              "isHook": false,
              "skipped": false
            },
            {
              "title": "Women button click",
              "fullTitle": "Firelawn new site login Women button click",
              "timedOut": null,
              "duration": 20201,
              "state": "failed",
              "speed": null,
              "pass": false,
              "fail": true,
              "pending": false,
              "context": null,
              "code": "cy.wait(10000);\ncy.get('#womem').should('be.visible');",
              "err": {
                "message": "AssertionError: Timed out retrying after 10000ms: Expected to find element: `#womem`, but never found it.",
                "estack": "AssertionError: Timed out retrying after 10000ms: Expected to find element: `#womem`, but never found it.\n    at Context.eval (webpack:///./cypress/e2e/practice/firelawn-p.js:33:29)",
                "diff": null
              },
              "uuid": "c2ebc06a-f569-4ecc-b1e7-61b560382447",
              "parentUUID": "682e7ba5-dbaf-40a8-92ee-e32b48063df2",
              "isHook": false,
              "skipped": false
            }
          ],
          "suites": [],
          "passes": [],
          "failures": [
            "4a846f2c-702f-459d-a4b7-1fd8cc5afa7a",
            "96490b81-129b-43a3-82e4-1d2b758a0406",
            "c2ebc06a-f569-4ecc-b1e7-61b560382447"
          ],
          "pending": [],
          "skipped": [],
          "duration": 74769,
          "root": false,
          "rootEmpty": false,
          "_timeout": 2000
        }
      ],
      "passes": [],
      "failures": [],
      "pending": [],
      "skipped": [],
      "duration": 0,
      "root": true,
      "rootEmpty": true,
      "_timeout": 2000
    },
    {
      "uuid": "e875bf01-0671-4e98-8296-83c8d08aa189",
      "title": "",
      "fullFile": "cypress\\e2e\\practice\\menu-filter.js",
      "file": "cypress\\e2e\\practice\\menu-filter.js",
      "beforeHooks": [],
      "afterHooks": [],
      "tests": [],
      "suites": [
        {
          "uuid": "7265cbd0-f3c3-4c5c-b9c2-4297d7748a8c",
          "title": "Menu Filter",
          "fullFile": "",
          "file": "",
          "beforeHooks": [],
          "afterHooks": [],
          "tests": [
            {
              "title": "should click on multiple menu item",
              "fullTitle": "Menu Filter should click on multiple menu item",
              "timedOut": null,
              "duration": 8271,
              "state": "passed",
              "speed": "medium",
              "pass": true,
              "fail": false,
              "pending": false,
              "context": null,
              "code": "//cy.get(\".ui.dropdown>*\").find('.dropdown.icon').invoke('attr', 'title').should('include', 'Add to Cart')\ncy.visit(\"http://www.webdriveruniversity.com/\");\ncy.get('#dropdown-checkboxes-radiobuttons').invoke('removeAttr', 'target').click({\n  force: true\n});\n//cy.get('#dropdowm-menu-1').select(\"C#\") */\ncy.drop_click('#dropdowm-menu-3', \"CSS\");",
              "err": {},
              "uuid": "28048c4f-4ea2-4cdd-907a-62c903313570",
              "parentUUID": "7265cbd0-f3c3-4c5c-b9c2-4297d7748a8c",
              "isHook": false,
              "skipped": false
            }
          ],
          "suites": [],
          "passes": [
            "28048c4f-4ea2-4cdd-907a-62c903313570"
          ],
          "failures": [],
          "pending": [],
          "skipped": [],
          "duration": 8271,
          "root": false,
          "rootEmpty": false,
          "_timeout": 2000
        }
      ],
      "passes": [],
      "failures": [],
      "pending": [],
      "skipped": [],
      "duration": 0,
      "root": true,
      "rootEmpty": true,
      "_timeout": 2000
    },
    {
      "uuid": "1c442f79-f3ae-4a71-bee7-fdc369d46d2b",
      "title": "",
      "fullFile": "cypress\\e2e\\practice\\multi-select.js",
      "file": "cypress\\e2e\\practice\\multi-select.js",
      "beforeHooks": [],
      "afterHooks": [],
      "tests": [],
      "suites": [
        {
          "uuid": "f096239d-a236-4d68-830d-3541346943cb",
          "title": "Multi select",
          "fullFile": "",
          "file": "",
          "beforeHooks": [],
          "afterHooks": [],
          "tests": [
            {
              "title": "should select multiple",
              "fullTitle": "Multi select should select multiple",
              "timedOut": null,
              "duration": 4273,
              "state": "passed",
              "speed": "fast",
              "pass": true,
              "fail": false,
              "pending": false,
              "context": null,
              "code": "cy.get('#multiple-select-input').click({\n  force: true\n});\n//cy.get('#multiple-select')",
              "err": {},
              "uuid": "8537c53e-ea88-40ef-b6e7-b3eaba3f7b44",
              "parentUUID": "f096239d-a236-4d68-830d-3541346943cb",
              "isHook": false,
              "skipped": false
            }
          ],
          "suites": [],
          "passes": [
            "8537c53e-ea88-40ef-b6e7-b3eaba3f7b44"
          ],
          "failures": [],
          "pending": [],
          "skipped": [],
          "duration": 4273,
          "root": false,
          "rootEmpty": false,
          "_timeout": 2000
        }
      ],
      "passes": [],
      "failures": [],
      "pending": [],
      "skipped": [],
      "duration": 0,
      "root": true,
      "rootEmpty": true,
      "_timeout": 2000
    },
    {
      "uuid": "deabbe09-a9d2-48da-ab37-70582d1c5e39",
      "title": "",
      "fullFile": "cypress\\e2e\\practice\\random-selection-p.js",
      "file": "cypress\\e2e\\practice\\random-selection-p.js",
      "beforeHooks": [],
      "afterHooks": [],
      "tests": [],
      "suites": [
        {
          "uuid": "d8f447bd-aacd-4072-a09c-fd25befd4803",
          "title": "Cypress.io tests",
          "fullFile": "",
          "file": "",
          "beforeHooks": [],
          "afterHooks": [],
          "tests": [
            {
              "title": "Open cypress.io page",
              "fullTitle": "Cypress.io tests Open cypress.io page",
              "timedOut": null,
              "duration": 13236,
              "state": "passed",
              "speed": "slow",
              "pass": true,
              "fail": false,
              "pending": false,
              "context": null,
              "code": "cy.visit(\"https://demo.actitime.com/login.do\");\ncy.get('#username').type(\"admin\");\ncy.get(':nth-child(5) > :nth-child(1) > .textFieldsArea > .textFieldsTable > tbody > :nth-child(2) > td > .textField').type(\"manager\");\ncy.Click_button('#keepLoggedInCheckBox');\ncy.Click_button('#loginButton > div');\ncy.get('#enterTTMainContent').should('be.visible');\ncy.random_select('.userSelectorButton', '.x-combo-list-item');",
              "err": {},
              "uuid": "a9ff2048-18ad-4a5f-8f18-d9af25bca7bd",
              "parentUUID": "d8f447bd-aacd-4072-a09c-fd25befd4803",
              "isHook": false,
              "skipped": false
            }
          ],
          "suites": [],
          "passes": [
            "a9ff2048-18ad-4a5f-8f18-d9af25bca7bd"
          ],
          "failures": [],
          "pending": [],
          "skipped": [],
          "duration": 13236,
          "root": false,
          "rootEmpty": false,
          "_timeout": 2000
        }
      ],
      "passes": [],
      "failures": [],
      "pending": [],
      "skipped": [],
      "duration": 0,
      "root": true,
      "rootEmpty": true,
      "_timeout": 2000
    },
    {
      "uuid": "e419b743-555d-4b80-9d30-99c484a03ff8",
      "title": "",
      "fullFile": "cypress\\e2e\\practice\\random-selection.js",
      "file": "cypress\\e2e\\practice\\random-selection.js",
      "beforeHooks": [],
      "afterHooks": [],
      "tests": [],
      "suites": [
        {
          "uuid": "61f1f61c-56fd-493f-a858-6d4273230edb",
          "title": "Cypress.io tests",
          "fullFile": "",
          "file": "",
          "beforeHooks": [],
          "afterHooks": [],
          "tests": [
            {
              "title": "Open cypress.io page",
              "fullTitle": "Cypress.io tests Open cypress.io page",
              "timedOut": null,
              "duration": 43170,
              "state": "failed",
              "speed": null,
              "pass": false,
              "fail": true,
              "pending": false,
              "context": null,
              "code": "var cypressPage = 'https://www.testandquiz.com/selenium/testing.html';\ncy.visit(cypressPage);\n// Get the array of options\ncy.xpath('//*[@id=\"testingDropdown\"]//option').then($elements => {\n  const randomOption = Math.floor(Math.random() * $elements.length);\n  // select option from drop down\n  cy.xpath('//*[@id=\"testingDropdown\"]').select(`${$elements[randomOption].innerText}`);\n  cy.log(`random option selected is ${$elements[randomOption].innerText}}`);\n});",
              "err": {
                "message": "CypressError: `cy.visit()` failed trying to load:\n\nhttps://www.testandquiz.com/selenium/testing.html\n\nWe attempted to make an http request to this URL but the request failed without a response.\n\nWe received this error at the network level:\n\n  > Error: connect ETIMEDOUT 3.130.204.160:443\n\nCommon situations why this would fail:\n  - you don't have internet access\n  - you forgot to run / boot your web server\n  - your web server isn't accessible\n  - you have weird network configuration settings on your computer",
                "estack": "CypressError: `cy.visit()` failed trying to load:\n\nhttps://www.testandquiz.com/selenium/testing.html\n\nWe attempted to make an http request to this URL but the request failed without a response.\n\nWe received this error at the network level:\n\n  > Error: connect ETIMEDOUT 3.130.204.160:443\n\nCommon situations why this would fail:\n  - you don't have internet access\n  - you forgot to run / boot your web server\n  - your web server isn't accessible\n  - you have weird network configuration settings on your computer\n    at <unknown> (http://www.webdriveruniversity.com/__cypress/runner/cypress_runner.js:147677:82)\n    at visitFailedByErr (http://www.webdriveruniversity.com/__cypress/runner/cypress_runner.js:147069:12)\n    at <unknown> (http://www.webdriveruniversity.com/__cypress/runner/cypress_runner.js:147676:11)\n    at tryCatcher (http://www.webdriveruniversity.com/__cypress/runner/cypress_runner.js:18744:23)\n    at Promise._settlePromiseFromHandler (http://www.webdriveruniversity.com/__cypress/runner/cypress_runner.js:16679:31)\n    at Promise._settlePromise (http://www.webdriveruniversity.com/__cypress/runner/cypress_runner.js:16736:18)\n    at Promise._settlePromise0 (http://www.webdriveruniversity.com/__cypress/runner/cypress_runner.js:16781:10)\n    at Promise._settlePromises (http://www.webdriveruniversity.com/__cypress/runner/cypress_runner.js:16857:18)\n    at _drainQueueStep (http://www.webdriveruniversity.com/__cypress/runner/cypress_runner.js:13451:12)\n    at _drainQueue (http://www.webdriveruniversity.com/__cypress/runner/cypress_runner.js:13444:9)\n    at ../../node_modules/bluebird/js/release/async.js.Async._drainQueues (http://www.webdriveruniversity.com/__cypress/runner/cypress_runner.js:13460:5)\n    at Async.drainQueues (http://www.webdriveruniversity.com/__cypress/runner/cypress_runner.js:13330:14)\nFrom Your Spec Code:\n    at Context.eval (webpack:///./cypress/e2e/practice/random-selection.js:5:7)\n\nFrom Node.js Internals:\n  Error: connect ETIMEDOUT 3.130.204.160:443\n      at TCPConnectWrap.afterConnect [as oncomplete] (node:net:1187:16)",
                "diff": null
              },
              "uuid": "1023b124-41bc-4cb6-9db7-71a1cf371ef1",
              "parentUUID": "61f1f61c-56fd-493f-a858-6d4273230edb",
              "isHook": false,
              "skipped": false
            }
          ],
          "suites": [],
          "passes": [],
          "failures": [
            "1023b124-41bc-4cb6-9db7-71a1cf371ef1"
          ],
          "pending": [],
          "skipped": [],
          "duration": 43170,
          "root": false,
          "rootEmpty": false,
          "_timeout": 2000
        }
      ],
      "passes": [],
      "failures": [],
      "pending": [],
      "skipped": [],
      "duration": 0,
      "root": true,
      "rootEmpty": true,
      "_timeout": 2000
    },
    {
      "uuid": "8b36b32c-dc1c-45fa-a6a2-8ae8770b31ea",
      "title": "",
      "fullFile": "cypress\\e2e\\practice\\random-string.js",
      "file": "cypress\\e2e\\practice\\random-string.js",
      "beforeHooks": [],
      "afterHooks": [],
      "tests": [],
      "suites": [
        {
          "uuid": "79702255-fdae-4941-b249-68a09ffb938a",
          "title": "Random word",
          "fullFile": "",
          "file": "",
          "beforeHooks": [],
          "afterHooks": [],
          "tests": [
            {
              "title": "Create random word",
              "fullTitle": "Random word Create random word",
              "timedOut": null,
              "duration": 2180,
              "state": "passed",
              "speed": "fast",
              "pass": true,
              "fail": false,
              "pending": false,
              "context": null,
              "code": "cy.visit(\"https://www.google.com\");\nconst uuid = () => Cypress._.random(0, 1e6);\nconst id = uuid();\nconst testname = `Farm${id}`;\ncy.get(\"textarea[name='q']\").type(testname);",
              "err": {},
              "uuid": "cf057fbe-7e95-482a-8ee5-32a82b5bff26",
              "parentUUID": "79702255-fdae-4941-b249-68a09ffb938a",
              "isHook": false,
              "skipped": false
            }
          ],
          "suites": [],
          "passes": [
            "cf057fbe-7e95-482a-8ee5-32a82b5bff26"
          ],
          "failures": [],
          "pending": [],
          "skipped": [],
          "duration": 2180,
          "root": false,
          "rootEmpty": false,
          "_timeout": 2000
        }
      ],
      "passes": [],
      "failures": [],
      "pending": [],
      "skipped": [],
      "duration": 0,
      "root": true,
      "rootEmpty": true,
      "_timeout": 2000
    },
    {
      "uuid": "3d49a930-cb29-4a10-b52c-0fbe103fca28",
      "title": "",
      "fullFile": "cypress\\e2e\\practice\\session.js",
      "file": "cypress\\e2e\\practice\\session.js",
      "beforeHooks": [],
      "afterHooks": [],
      "tests": [],
      "suites": [
        {
          "uuid": "c6815992-5ccc-4d2b-9899-418fb2aee176",
          "title": "Actitime",
          "fullFile": "",
          "file": "",
          "beforeHooks": [],
          "afterHooks": [],
          "tests": [
            {
              "title": "Login1",
              "fullTitle": "Actitime Login1",
              "timedOut": null,
              "duration": 18696,
              "state": "passed",
              "speed": "slow",
              "pass": true,
              "fail": false,
              "pending": false,
              "context": null,
              "code": "cy.visit(\"https://demo.actitime.com/user/submit_tt.do\");",
              "err": {},
              "uuid": "9a4ad2bf-1bf6-485a-80c2-95e5514c72eb",
              "parentUUID": "c6815992-5ccc-4d2b-9899-418fb2aee176",
              "isHook": false,
              "skipped": false
            }
          ],
          "suites": [],
          "passes": [
            "9a4ad2bf-1bf6-485a-80c2-95e5514c72eb"
          ],
          "failures": [],
          "pending": [],
          "skipped": [],
          "duration": 18696,
          "root": false,
          "rootEmpty": false,
          "_timeout": 2000
        }
      ],
      "passes": [],
      "failures": [],
      "pending": [],
      "skipped": [],
      "duration": 0,
      "root": true,
      "rootEmpty": true,
      "_timeout": 2000
    },
    {
      "uuid": "01c59091-df5e-4050-aa7a-8459558dc19e",
      "title": "",
      "fullFile": "cypress\\e2e\\practice\\sorting.js",
      "file": "cypress\\e2e\\practice\\sorting.js",
      "beforeHooks": [],
      "afterHooks": [],
      "tests": [],
      "suites": [
        {
          "uuid": "cb8d0118-e94f-46f8-8281-22eaaaea4fcc",
          "title": "Sorting Table",
          "fullFile": "",
          "file": "",
          "beforeHooks": [],
          "afterHooks": [],
          "tests": [
            {
              "title": "sort table",
              "fullTitle": "Sorting Table sort table",
              "timedOut": null,
              "duration": 1910,
              "state": "failed",
              "speed": null,
              "pass": false,
              "fail": true,
              "pending": false,
              "context": null,
              "code": "cy.visit(\"https://www.kryogenix.org/code/browser/sorttable/\");\ncy.get(\"//body[1]/div[1]/table[2]/tbody[1]/tr/td[1]\");",
              "err": {
                "message": "TagError: The following error originated from your application code, not from Cypress.\n\n  > adsbygoogle.push() error: No slot size for availableWidth=0\n\nWhen Cypress detects uncaught errors originating from your application it will automatically fail the current test.\n\nThis behavior is configurable, and you can choose to turn this off by listening to the `uncaught:exception` event.\n\nhttps://on.cypress.io/uncaught-exception-from-application",
                "estack": "TagError: The following error originated from your application code, not from Cypress.\n\n  > adsbygoogle.push() error: No slot size for availableWidth=0\n\nWhen Cypress detects uncaught errors originating from your application it will automatically fail the current test.\n\nThis behavior is configurable, and you can choose to turn this off by listening to the `uncaught:exception` event.\n\nhttps://on.cypress.io/uncaught-exception-from-application\n    at em (https://pagead2.googlesyndication.com/pagead/js/adsbygoogle.js:148:67)\n    at gm (https://pagead2.googlesyndication.com/pagead/js/adsbygoogle.js:146:1164)\n    at mm (https://pagead2.googlesyndication.com/pagead/js/adsbygoogle.js:151:91)\n    at go (https://pagead2.googlesyndication.com/pagead/js/adsbygoogle.js:190:202)\n    at zo (https://pagead2.googlesyndication.com/pagead/js/adsbygoogle.js:194:105)\n    at yo (https://pagead2.googlesyndication.com/pagead/js/adsbygoogle.js:193:534)\n    at Ho (https://pagead2.googlesyndication.com/pagead/js/adsbygoogle.js:209:237)\n    at Do.e.client (https://pagead2.googlesyndication.com/pagead/js/adsbygoogle.js:203:42)\n    at Yd.ea (https://pagead2.googlesyndication.com/pagead/js/adsbygoogle.js:47:224)\n    at Ki (https://pagead2.googlesyndication.com/pagead/js/adsbygoogle.js:83:19)",
                "diff": null
              },
              "uuid": "a298a948-b427-410d-8a2d-781d33269709",
              "parentUUID": "cb8d0118-e94f-46f8-8281-22eaaaea4fcc",
              "isHook": false,
              "skipped": false
            }
          ],
          "suites": [],
          "passes": [],
          "failures": [
            "a298a948-b427-410d-8a2d-781d33269709"
          ],
          "pending": [],
          "skipped": [],
          "duration": 1910,
          "root": false,
          "rootEmpty": false,
          "_timeout": 2000
        }
      ],
      "passes": [],
      "failures": [],
      "pending": [],
      "skipped": [],
      "duration": 0,
      "root": true,
      "rootEmpty": true,
      "_timeout": 2000
    },
    {
      "uuid": "7821f3e9-559e-4495-8118-5bd66846d43f",
      "title": "",
      "fullFile": "cypress\\e2e\\webdriver-uni\\autocomplete-dropdown-list.js",
      "file": "cypress\\e2e\\webdriver-uni\\autocomplete-dropdown-list.js",
      "beforeHooks": [],
      "afterHooks": [],
      "tests": [],
      "suites": [
        {
          "uuid": "9e1c7f47-2a40-4b6b-952e-24858ea3a89d",
          "title": "Verify Autocomplete dropdown lists via webdriveruni",
          "fullFile": "",
          "file": "",
          "beforeHooks": [],
          "afterHooks": [],
          "tests": [
            {
              "title": "Select specific product via Autocomplete list",
              "fullTitle": "Verify Autocomplete dropdown lists via webdriveruni Select specific product via Autocomplete list",
              "timedOut": null,
              "duration": 3156,
              "state": "passed",
              "speed": "fast",
              "pass": true,
              "fail": false,
              "pending": false,
              "context": null,
              "code": "cy.visit(\"http://www.webdriveruniversity.com/\");\ncy.get('#autocomplete-textfield').invoke('removeAttr', 'target').click({\n  force: true\n});\ncy.get('#myInput').type('A');\ncy.get('#myInputautocomplete-list>*').each(($el, index, $list) => {\n  const prod = $el.text();\n  const productToSelect = 'Avacado';\n  if (prod == productToSelect) {\n    // $el.click()\n    $el.trigger(\"click\");\n    cy.get('#submit-button').click();\n    cy.url().should('include', productToSelect);\n  }\n}).then(() => {\n  cy.get('#myInput').type('G');\n  cy.get('#myInputautocomplete-list>*').each(($el, index, $list) => {\n    const prod = $el.text();\n    const productToSelect = 'Grapes';\n    if (prod == productToSelect) {\n      //$el.click()\n      $el.trigger(\"click\");\n      cy.get('#submit-button').click();\n      cy.url().should('include', productToSelect);\n    }\n  });\n});",
              "err": {},
              "uuid": "eef23331-0a4c-48b8-97df-872e4919f805",
              "parentUUID": "9e1c7f47-2a40-4b6b-952e-24858ea3a89d",
              "isHook": false,
              "skipped": false
            }
          ],
          "suites": [],
          "passes": [
            "eef23331-0a4c-48b8-97df-872e4919f805"
          ],
          "failures": [],
          "pending": [],
          "skipped": [],
          "duration": 3156,
          "root": false,
          "rootEmpty": false,
          "_timeout": 2000
        }
      ],
      "passes": [],
      "failures": [],
      "pending": [],
      "skipped": [],
      "duration": 0,
      "root": true,
      "rootEmpty": true,
      "_timeout": 2000
    },
    {
      "uuid": "f3c2f11f-5f49-4c17-a694-c0b329ec01fd",
      "title": "",
      "fullFile": "cypress\\e2e\\webdriver-uni\\browser-navigation.js",
      "file": "cypress\\e2e\\webdriver-uni\\browser-navigation.js",
      "beforeHooks": [],
      "afterHooks": [],
      "tests": [],
      "suites": [
        {
          "uuid": "5c02b3a2-3504-42f7-9203-3ca3eef5dd7a",
          "title": "Validate WebdriverUni home links",
          "fullFile": "",
          "file": "",
          "beforeHooks": [],
          "afterHooks": [],
          "tests": [
            {
              "title": "Confirm links redirect to correct page",
              "fullTitle": "Validate WebdriverUni home links Confirm links redirect to correct page",
              "timedOut": null,
              "duration": 7105,
              "state": "passed",
              "speed": "medium",
              "pass": true,
              "fail": false,
              "pending": false,
              "context": null,
              "code": "// Lecture 107 to 110\n// cy.visit(\"http://www.webdriveruniversity.com/Contact-Us/contactus.html\")\ncy.visit(\"http://www.webdriveruniversity.com/\");\ncy.get('#contact-us').invoke('removeAttr', 'target').click({\n  force: true\n});\ncy.url().should('include', 'contactus');\ncy.go('back');\ncy.reload();\ncy.url().should('include', 'http://www.webdriveruniversity.com/');\n// cy.reload(true) //reload without using catche\ncy.go('forward');\ncy.url().should('include', 'contactus');\ncy.go('back');\ncy.get('#login-portal').invoke('removeAttr', 'target').click({\n  force: true\n});\ncy.url().should('include', 'Login-Portal');\ncy.go('back');\ncy.get('#to-do-list').invoke('removeAttr', 'target').click({\n  force: true\n});\ncy.url().should('include', 'To-Do-List');\ncy.go('back');\ncy.go('forward');\ncy.url().should('include', 'To-Do-List');",
              "err": {},
              "uuid": "3d7d798d-1f81-4e96-8453-c2a6bfa6120e",
              "parentUUID": "5c02b3a2-3504-42f7-9203-3ca3eef5dd7a",
              "isHook": false,
              "skipped": false
            }
          ],
          "suites": [],
          "passes": [
            "3d7d798d-1f81-4e96-8453-c2a6bfa6120e"
          ],
          "failures": [],
          "pending": [],
          "skipped": [],
          "duration": 7105,
          "root": false,
          "rootEmpty": false,
          "_timeout": 2000
        }
      ],
      "passes": [],
      "failures": [],
      "pending": [],
      "skipped": [],
      "duration": 0,
      "root": true,
      "rootEmpty": true,
      "_timeout": 2000
    },
    {
      "uuid": "fd89a136-f4e3-414e-b28d-72c8b44e7f72",
      "title": "",
      "fullFile": "cypress\\e2e\\webdriver-uni\\checkboxes.js",
      "file": "cypress\\e2e\\webdriver-uni\\checkboxes.js",
      "beforeHooks": [],
      "afterHooks": [],
      "tests": [],
      "suites": [
        {
          "uuid": "1ba02c06-2a6e-4eb0-baf1-b540d7e975a3",
          "title": "Verify checkboxes via webdriverUni",
          "fullFile": "",
          "file": "",
          "beforeHooks": [],
          "afterHooks": [],
          "tests": [
            {
              "title": "Check and validate checkbox",
              "fullTitle": "Verify checkboxes via webdriverUni Check and validate checkbox",
              "timedOut": null,
              "duration": 2557,
              "state": "passed",
              "speed": "fast",
              "pass": true,
              "fail": false,
              "pending": false,
              "context": null,
              "code": "//cy.get('#checkboxes > :nth-child(1) > input').check()\n//cy.get('#checkboxes > :nth-child(1) > input').check().should('be.checked')\ncy.get('#checkboxes > :nth-child(1) > input').as('option-1');\n//cy.get('@option-1').check()\ncy.get('@option-1').check().should('be.checked');",
              "err": {},
              "uuid": "3ccc6271-7cab-407b-bf3b-6ea13fe70247",
              "parentUUID": "1ba02c06-2a6e-4eb0-baf1-b540d7e975a3",
              "isHook": false,
              "skipped": false
            },
            {
              "title": "Unheck and validate checkbox",
              "fullTitle": "Verify checkboxes via webdriverUni Unheck and validate checkbox",
              "timedOut": null,
              "duration": 364,
              "state": "passed",
              "speed": "fast",
              "pass": true,
              "fail": false,
              "pending": false,
              "context": null,
              "code": "cy.get(':nth-child(5) > input').as('option-3');\ncy.get('@option-3').uncheck().should('not.be.checked');",
              "err": {},
              "uuid": "f810241f-1e7f-42fb-904a-eaa13694c695",
              "parentUUID": "1ba02c06-2a6e-4eb0-baf1-b540d7e975a3",
              "isHook": false,
              "skipped": false
            },
            {
              "title": "Check multiple checkboxes",
              "fullTitle": "Verify checkboxes via webdriverUni Check multiple checkboxes",
              "timedOut": null,
              "duration": 498,
              "state": "passed",
              "speed": "fast",
              "pass": true,
              "fail": false,
              "pending": false,
              "context": null,
              "code": "//cy.get(\"input[type='checkbox']\").check([\"option-1\",\"option-2\",\"option-3\",\"option-4\"]).should('be.checked')\ncy.get(\"input[type='checkbox']\").check();",
              "err": {},
              "uuid": "7e703984-908a-4040-b25a-c3eda233b38b",
              "parentUUID": "1ba02c06-2a6e-4eb0-baf1-b540d7e975a3",
              "isHook": false,
              "skipped": false
            }
          ],
          "suites": [],
          "passes": [
            "3ccc6271-7cab-407b-bf3b-6ea13fe70247",
            "f810241f-1e7f-42fb-904a-eaa13694c695",
            "7e703984-908a-4040-b25a-c3eda233b38b"
          ],
          "failures": [],
          "pending": [],
          "skipped": [],
          "duration": 3419,
          "root": false,
          "rootEmpty": false,
          "_timeout": 2000
        }
      ],
      "passes": [],
      "failures": [],
      "pending": [],
      "skipped": [],
      "duration": 0,
      "root": true,
      "rootEmpty": true,
      "_timeout": 2000
    },
    {
      "uuid": "d7893fc2-34b3-46f8-a1e2-f0ab5c98668a",
      "title": "",
      "fullFile": "cypress\\e2e\\webdriver-uni\\contact-us.js",
      "file": "cypress\\e2e\\webdriver-uni\\contact-us.js",
      "beforeHooks": [],
      "afterHooks": [],
      "tests": [],
      "suites": [
        {
          "uuid": "0b9a6897-4030-43c1-b3ca-7cd03c243c89",
          "title": "Test Contact Us from via WebdriverUni",
          "fullFile": "",
          "file": "",
          "beforeHooks": [],
          "afterHooks": [],
          "tests": [
            {
              "title": "Should be able to submit a successful submission via contact us form",
              "fullTitle": "Test Contact Us from via WebdriverUni Should be able to submit a successful submission via contact us form",
              "timedOut": null,
              "duration": 11048,
              "state": "passed",
              "speed": "slow",
              "pass": true,
              "fail": false,
              "pending": false,
              "context": null,
              "code": "// cy.visit(\"http://www.webdriveruniversity.com/Contact-Us/contactus.html\")\ncy.document().should('have.property', 'charset').and('eq', 'UTF-8');\ncy.title().should('include', 'WebDriver | Contact Us');\ncy.url().should('include', 'contactus');\n//cy.pause();\ncy.wait(3000);\ncontact_Us_PO.ContactForm_Submission(Cypress.env(\"first_name\"), data.last_name, data.email, \"Hello World\", 'h1', 'Thank You for your Message!');",
              "err": {},
              "uuid": "3c6ed814-4406-498b-8d26-030d5013d568",
              "parentUUID": "0b9a6897-4030-43c1-b3ca-7cd03c243c89",
              "isHook": false,
              "skipped": false
            },
            {
              "title": "Should not be able to submit a successful submission via contact us form as all fields are required",
              "fullTitle": "Test Contact Us from via WebdriverUni Should not be able to submit a successful submission via contact us form as all fields are required",
              "timedOut": null,
              "duration": 3644,
              "state": "passed",
              "speed": "fast",
              "pass": true,
              "fail": false,
              "pending": false,
              "context": null,
              "code": "contact_Us_PO.ContactForm_Submission(data.first_name, data.last_name, \" \", \"Hello World\", 'body', 'Error: Invalid email address');",
              "err": {},
              "uuid": "0b269008-9e6e-43f1-b748-b74ba367f261",
              "parentUUID": "0b9a6897-4030-43c1-b3ca-7cd03c243c89",
              "isHook": false,
              "skipped": false
            }
          ],
          "suites": [],
          "passes": [
            "3c6ed814-4406-498b-8d26-030d5013d568",
            "0b269008-9e6e-43f1-b748-b74ba367f261"
          ],
          "failures": [],
          "pending": [],
          "skipped": [],
          "duration": 14692,
          "root": false,
          "rootEmpty": false,
          "_timeout": 2000
        }
      ],
      "passes": [],
      "failures": [],
      "pending": [],
      "skipped": [],
      "duration": 0,
      "root": true,
      "rootEmpty": true,
      "_timeout": 2000
    },
    {
      "uuid": "4cd22e4d-fc94-4e22-9d04-516220881af8",
      "title": "",
      "fullFile": "cypress\\e2e\\webdriver-uni\\data-tables.js",
      "file": "cypress\\e2e\\webdriver-uni\\data-tables.js",
      "beforeHooks": [],
      "afterHooks": [],
      "tests": [],
      "suites": [
        {
          "uuid": "b0f20ac2-47f3-4092-8f0d-a90fc1387eba",
          "title": "Handing data via Webdriveruni",
          "fullFile": "",
          "file": "",
          "beforeHooks": [],
          "afterHooks": [],
          "tests": [
            {
              "title": "Calculate and assert the total age of all users",
              "fullTitle": "Handing data via Webdriveruni Calculate and assert the total age of all users",
              "timedOut": null,
              "duration": 3646,
              "state": "passed",
              "speed": "fast",
              "pass": true,
              "fail": false,
              "pending": false,
              "context": null,
              "code": "var userDetails = [];\nlet numb = 0;\ncy.get('#thumbnail-1 td').each(($el, index, $list) => {\n  userDetails[index] = $el.text();\n}).then(() => {\n  var i;\n  for (let i = 0; i < userDetails.length; i++) {\n    //cy.log(userDetails[i])\n    if (Number(userDetails[i])) {\n      numb += Number(userDetails[i]);\n    }\n  }\n  cy.log(\"Found total age: \" + numb);\n  expect(numb).to.eq(322);\n});",
              "err": {},
              "uuid": "06ac2afb-a3e5-4c84-9b67-235aea801c7e",
              "parentUUID": "b0f20ac2-47f3-4092-8f0d-a90fc1387eba",
              "isHook": false,
              "skipped": false
            },
            {
              "title": "Calculate and assert the age of given user based on last name",
              "fullTitle": "Handing data via Webdriveruni Calculate and assert the age of given user based on last name",
              "timedOut": null,
              "duration": 548,
              "state": "passed",
              "speed": "fast",
              "pass": true,
              "fail": false,
              "pending": false,
              "context": null,
              "code": "cy.get(\"#thumbnail-1 tr td:nth-child(2)\").each(($el, index, $list) => {\n  const text = $el.text();\n  if (text.includes(\"Woods\")) {\n    cy.get(\"#thumbnail-1 tr td:nth-child(2)\").eq(index).next().then(function (age) {\n      const userAge = age.text();\n      expect(userAge).to.equal('80');\n    });\n  }\n});",
              "err": {},
              "uuid": "f4a92130-cbd2-40d7-b667-d3ac74e85a38",
              "parentUUID": "b0f20ac2-47f3-4092-8f0d-a90fc1387eba",
              "isHook": false,
              "skipped": false
            }
          ],
          "suites": [],
          "passes": [
            "06ac2afb-a3e5-4c84-9b67-235aea801c7e",
            "f4a92130-cbd2-40d7-b667-d3ac74e85a38"
          ],
          "failures": [],
          "pending": [],
          "skipped": [],
          "duration": 4194,
          "root": false,
          "rootEmpty": false,
          "_timeout": 2000
        }
      ],
      "passes": [],
      "failures": [],
      "pending": [],
      "skipped": [],
      "duration": 0,
      "root": true,
      "rootEmpty": true,
      "_timeout": 2000
    },
    {
      "uuid": "f338d693-51ca-409c-a717-489c45287387",
      "title": "",
      "fullFile": "cypress\\e2e\\webdriver-uni\\datepicker.js",
      "file": "cypress\\e2e\\webdriver-uni\\datepicker.js",
      "beforeHooks": [],
      "afterHooks": [],
      "tests": [],
      "suites": [
        {
          "uuid": "eed5ed90-0e85-40a6-a4cd-0fbd2967d3c8",
          "title": "Test Date picker via Webdriveruni",
          "fullFile": "",
          "file": "",
          "beforeHooks": [],
          "afterHooks": [],
          "tests": [
            {
              "title": "Select date form the date picker",
              "fullTitle": "Test Date picker via Webdriveruni Select date form the date picker",
              "timedOut": null,
              "duration": 3426,
              "state": "passed",
              "speed": "fast",
              "pass": true,
              "fail": false,
              "pending": false,
              "context": null,
              "code": "cy.visit(\"http://www.webdriveruniversity.com/\");\ncy.get('#datepicker').invoke('removeAttr', 'target').click({\n  force: true\n});\ncy.get('#datepicker').click();\n/*   \n   let date = new Date()\n   date.setDate(date.getDate())\n   cy.log(date.getDate())  // get current date i.e. 09\n     let date2 = new Date()\n   date2.setDate(date.getDate() + 5)\n   cy.log(date2.getDate())  // get current date i.e. 09 + 5 = 14\n */\nlet date = new Date();\ndate.setDate(date.getDate() + 200);\nvar futureYear = date.getFullYear();\nvar futureMonth = date.toLocaleString(\"dafault\", {\n  month: \"long\"\n});\nvar futureDay = date.getDate();\ncy.log(\"Future year to select: \" + futureYear);\ncy.log(\"Future month to select: \" + futureMonth);\ncy.log(\"Future day to select: \" + futureDay);\nfunction selectMonthAndYear() {\n  cy.get('.datepicker-dropdown').find('.datepicker-switch').first().then(currentDate => {\n    if (!currentDate.text().includes(futureYear)) {\n      cy.get('.next').first().click();\n      selectMonthAndYear();\n    }\n  }).then(() => {\n    cy.get('.datepicker-dropdown').find('.datepicker-switch').first().then(currentDate => {\n      if (!currentDate.text().includes(futureMonth)) {\n        cy.get('.next').first().click();\n        selectMonthAndYear();\n      }\n    });\n  });\n}\nfunction selectFutureDay() {\n  cy.get('[class=\"day\"]').contains(futureDay).click();\n}\nselectMonthAndYear();\nselectFutureDay();",
              "err": {},
              "uuid": "33ec25b3-3f05-4dc0-a6d7-be18675215cd",
              "parentUUID": "eed5ed90-0e85-40a6-a4cd-0fbd2967d3c8",
              "isHook": false,
              "skipped": false
            }
          ],
          "suites": [],
          "passes": [
            "33ec25b3-3f05-4dc0-a6d7-be18675215cd"
          ],
          "failures": [],
          "pending": [],
          "skipped": [],
          "duration": 3426,
          "root": false,
          "rootEmpty": false,
          "_timeout": 2000
        }
      ],
      "passes": [],
      "failures": [],
      "pending": [],
      "skipped": [],
      "duration": 0,
      "root": true,
      "rootEmpty": true,
      "_timeout": 2000
    },
    {
      "uuid": "ebdf0ed3-c91c-483c-9f74-927e1dbccfec",
      "title": "",
      "fullFile": "cypress\\e2e\\webdriver-uni\\file-upload.js",
      "file": "cypress\\e2e\\webdriver-uni\\file-upload.js",
      "beforeHooks": [],
      "afterHooks": [],
      "tests": [],
      "suites": [
        {
          "uuid": "84c96d16-528f-4880-aada-b22e89582d23",
          "title": "Test file upload via webdriveruni",
          "fullFile": "",
          "file": "",
          "beforeHooks": [],
          "afterHooks": [],
          "tests": [
            {
              "title": "Upload a file",
              "fullTitle": "Test file upload via webdriveruni Upload a file",
              "timedOut": null,
              "duration": 2503,
              "state": "passed",
              "speed": "fast",
              "pass": true,
              "fail": false,
              "pending": false,
              "context": null,
              "code": "cy.visit(\"http://www.webdriveruniversity.com/\");\ncy.get(\"#file-upload\").invoke(\"removeAttr\", \"target\").click({\n  force: true\n});\ncy.get('#myFile').selectFile(\"cypress/fixtures/laptop.png\");\ncy.get('#submit-button').click();",
              "err": {},
              "uuid": "3dd4bdb1-aed5-4a1e-8d38-63ce0276895c",
              "parentUUID": "84c96d16-528f-4880-aada-b22e89582d23",
              "isHook": false,
              "skipped": false
            },
            {
              "title": "Upload No file...",
              "fullTitle": "Test file upload via webdriveruni Upload No file...",
              "timedOut": null,
              "duration": 700,
              "state": "passed",
              "speed": "fast",
              "pass": true,
              "fail": false,
              "pending": false,
              "context": null,
              "code": "cy.visit(\"http://www.webdriveruniversity.com/\");\ncy.get(\"#file-upload\").invoke(\"removeAttr\", \"target\").click({\n  force: true\n});\ncy.get('#submit-button').click();",
              "err": {},
              "uuid": "f170a253-3aee-4d00-a2e5-0d96c64dd977",
              "parentUUID": "84c96d16-528f-4880-aada-b22e89582d23",
              "isHook": false,
              "skipped": false
            }
          ],
          "suites": [],
          "passes": [
            "3dd4bdb1-aed5-4a1e-8d38-63ce0276895c",
            "f170a253-3aee-4d00-a2e5-0d96c64dd977"
          ],
          "failures": [],
          "pending": [],
          "skipped": [],
          "duration": 3203,
          "root": false,
          "rootEmpty": false,
          "_timeout": 2000
        }
      ],
      "passes": [],
      "failures": [],
      "pending": [],
      "skipped": [],
      "duration": 0,
      "root": true,
      "rootEmpty": true,
      "_timeout": 2000
    },
    {
      "uuid": "3c6ba740-2920-4ab7-8415-2f154045ca4e",
      "title": "",
      "fullFile": "cypress\\e2e\\webdriver-uni\\iframe.js",
      "file": "cypress\\e2e\\webdriver-uni\\iframe.js",
      "beforeHooks": [],
      "afterHooks": [],
      "tests": [],
      "suites": [
        {
          "uuid": "ea780fee-b8ab-45e4-bf66-36ddc075deaa",
          "title": "Handling Iframe and Modals",
          "fullFile": "",
          "file": "",
          "beforeHooks": [],
          "afterHooks": [],
          "tests": [
            {
              "title": "Handle WebdriverUni iframe and modal",
              "fullTitle": "Handling Iframe and Modals Handle WebdriverUni iframe and modal",
              "timedOut": null,
              "duration": 2878,
              "state": "passed",
              "speed": "fast",
              "pass": true,
              "fail": false,
              "pending": false,
              "context": null,
              "code": "cy.visit(\"http://www.webdriveruniversity.com/\");\ncy.get('#iframe').invoke('removeAttr', 'target').click({\n  force: true\n});\ncy.get('#frame').then($iframe => {\n  const body = $iframe.contents().find('body');\n  cy.wrap(body).as('iframe');\n});\ncy.get('@iframe').find('#button-find-out-more').click({\n  force: true\n});\ncy.get('@iframe').find('#myModal').as('modal');\ncy.get('@modal').should($expectedText => {\n  const text = $expectedText.text();\n  expect(text).to.include('Welcome to webdriveruniversity.com we sell a wide range of electrical goods ');\n});\ncy.get('@modal').contains('Close').click({\n  force: true\n});",
              "err": {},
              "uuid": "9ac40754-f007-495d-8a8b-38b44166c941",
              "parentUUID": "ea780fee-b8ab-45e4-bf66-36ddc075deaa",
              "isHook": false,
              "skipped": false
            }
          ],
          "suites": [],
          "passes": [
            "9ac40754-f007-495d-8a8b-38b44166c941"
          ],
          "failures": [],
          "pending": [],
          "skipped": [],
          "duration": 2878,
          "root": false,
          "rootEmpty": false,
          "_timeout": 2000
        }
      ],
      "passes": [],
      "failures": [],
      "pending": [],
      "skipped": [],
      "duration": 0,
      "root": true,
      "rootEmpty": true,
      "_timeout": 2000
    },
    {
      "uuid": "cf43ff25-64e2-41ec-8832-9c3f81cde639",
      "title": "",
      "fullFile": "cypress\\e2e\\webdriver-uni\\js-alerts.js",
      "file": "cypress\\e2e\\webdriver-uni\\js-alerts.js",
      "beforeHooks": [],
      "afterHooks": [],
      "tests": [],
      "suites": [
        {
          "uuid": "2123fbf2-ae5d-4f93-9241-f0138913619b",
          "title": "Handle js alerts",
          "fullFile": "",
          "file": "",
          "beforeHooks": [],
          "afterHooks": [],
          "tests": [
            {
              "title": "Confirm js alert contains correct text",
              "fullTitle": "Handle js alerts Confirm js alert contains correct text",
              "timedOut": null,
              "duration": 5473,
              "state": "passed",
              "speed": "medium",
              "pass": true,
              "fail": false,
              "pending": false,
              "context": null,
              "code": "// Lecture 111 to 116\n// cy.visit(\"http://www.webdriveruniversity.com/Contact-Us/contactus.html\")\ncy.visit(\"http://www.webdriveruniversity.com/\");\ncy.get('#popup-alerts').invoke('removeAttr', 'target').click({\n  force: true\n});\ncy.get('#button1').click();\ncy.on('window:alert', str => {\n  expect(str).to.equal('I am an alert box!');\n});",
              "err": {},
              "uuid": "96cf3da6-1bca-4e4d-be8b-3c017ec3b61e",
              "parentUUID": "2123fbf2-ae5d-4f93-9241-f0138913619b",
              "isHook": false,
              "skipped": false
            },
            {
              "title": "Validate js confirm alert box works correctly when clicking ok",
              "fullTitle": "Handle js alerts Validate js confirm alert box works correctly when clicking ok",
              "timedOut": null,
              "duration": 1216,
              "state": "passed",
              "speed": "fast",
              "pass": true,
              "fail": false,
              "pending": false,
              "context": null,
              "code": "// cy.visit(\"http://www.webdriveruniversity.com/Contact-Us/contactus.html\")\ncy.visit(\"http://www.webdriveruniversity.com/\");\ncy.get('#popup-alerts').invoke('removeAttr', 'target').click({\n  force: true\n});\ncy.get('#button4').click();\ncy.on('window:confirm', str => {\n  return true;\n});\ncy.get('#confirm-alert-text').contains('You pressed OK!');",
              "err": {},
              "uuid": "79806ad6-949a-4f5e-b7d1-0856dcba9a48",
              "parentUUID": "2123fbf2-ae5d-4f93-9241-f0138913619b",
              "isHook": false,
              "skipped": false
            },
            {
              "title": "Validate js confirm alert box works correctly when clicking cancel",
              "fullTitle": "Handle js alerts Validate js confirm alert box works correctly when clicking cancel",
              "timedOut": null,
              "duration": 591,
              "state": "passed",
              "speed": "fast",
              "pass": true,
              "fail": false,
              "pending": false,
              "context": null,
              "code": "cy.visit(\"http://www.webdriveruniversity.com/\");\ncy.get('#popup-alerts').invoke('removeAttr', 'target').click({\n  force: true\n});\ncy.get('#button4').click();\ncy.on('window:confirm', str => {\n  return false;\n});\ncy.get('#confirm-alert-text').contains('You pressed Cancel!');",
              "err": {},
              "uuid": "41471546-c3c5-4f7c-9dfb-fc07aac80855",
              "parentUUID": "2123fbf2-ae5d-4f93-9241-f0138913619b",
              "isHook": false,
              "skipped": false
            },
            {
              "title": "Validate js confirm alert box using a stub",
              "fullTitle": "Handle js alerts Validate js confirm alert box using a stub",
              "timedOut": null,
              "duration": 587,
              "state": "passed",
              "speed": "fast",
              "pass": true,
              "fail": false,
              "pending": false,
              "context": null,
              "code": "cy.visit(\"http://www.webdriveruniversity.com/\");\ncy.get('#popup-alerts').invoke('removeAttr', 'target').click({\n  force: true\n});\nconst stub = cy.stub();\ncy.on('window:confirm', stub);\ncy.get('#button4').click().then(() => {\n  expect(stub.getCall(0)).to.be.calledWith('Press a button!');\n}).then(() => {\n  return true;\n}).then(() => {\n  cy.get('#confirm-alert-text').contains('You pressed OK!');\n});",
              "err": {},
              "uuid": "d5cbd3b3-7e6c-4190-aa7e-11f1f8cc323f",
              "parentUUID": "2123fbf2-ae5d-4f93-9241-f0138913619b",
              "isHook": false,
              "skipped": false
            }
          ],
          "suites": [],
          "passes": [
            "96cf3da6-1bca-4e4d-be8b-3c017ec3b61e",
            "79806ad6-949a-4f5e-b7d1-0856dcba9a48",
            "41471546-c3c5-4f7c-9dfb-fc07aac80855",
            "d5cbd3b3-7e6c-4190-aa7e-11f1f8cc323f"
          ],
          "failures": [],
          "pending": [],
          "skipped": [],
          "duration": 7867,
          "root": false,
          "rootEmpty": false,
          "_timeout": 2000
        }
      ],
      "passes": [],
      "failures": [],
      "pending": [],
      "skipped": [],
      "duration": 0,
      "root": true,
      "rootEmpty": true,
      "_timeout": 2000
    },
    {
      "uuid": "5e6f3230-5dba-4500-b9ce-e1a3fe3ab0c5",
      "title": "",
      "fullFile": "cypress\\e2e\\webdriver-uni\\mouse-actions.js",
      "file": "cypress\\e2e\\webdriver-uni\\mouse-actions.js",
      "beforeHooks": [],
      "afterHooks": [],
      "tests": [],
      "suites": [
        {
          "uuid": "39901e32-eeb3-4c3c-af4a-fce86e586689",
          "title": "Test mouse actions",
          "fullFile": "",
          "file": "",
          "beforeHooks": [],
          "afterHooks": [],
          "tests": [
            {
              "title": "I should able to hold down the left mouse click button on given element",
              "fullTitle": "Test mouse actions I should able to hold down the left mouse click button on given element",
              "timedOut": null,
              "duration": 3195,
              "state": "failed",
              "speed": null,
              "pass": false,
              "fail": true,
              "pending": false,
              "context": null,
              "code": "cy.visit(\"http://www.webdriveruniversity.com/\");\ncy.get('#actions').scrollIntoView().invoke('removeAttr', 'target').click({\n  force: true\n});\ncy.get('#click-box').trigger('mousedown', {\n  which: 1\n}).then($element => {\n  expect($element).to.have.css('background', 'rgb(0, 255, 0)');\n});",
              "err": {
                "message": "AssertionError: expected '<div#click-box.col-lg-12.text-center>' to have CSS property 'background' with the value 'rgb(0, 255, 0)', but the value was 'rgb(0, 255, 0) none repeat scroll 0% 0% / auto padding-box border-box'",
                "estack": "AssertionError: expected '<div#click-box.col-lg-12.text-center>' to have CSS property 'background' with the value 'rgb(0, 255, 0)', but the value was 'rgb(0, 255, 0) none repeat scroll 0% 0% / auto padding-box border-box'\n    at Context.eval (webpack:///./cypress/e2e/webdriver-uni/mouse-actions.js:32:37)",
                "diff": "- 'rgb(0, 255, 0) none repeat scroll 0% 0% / auto padding-box border-box'\n+ 'rgb(0, 255, 0)'\n"
              },
              "uuid": "47c1bcaa-a43e-44e0-bf0d-a4f54ddcbbae",
              "parentUUID": "39901e32-eeb3-4c3c-af4a-fce86e586689",
              "isHook": false,
              "skipped": false
            }
          ],
          "suites": [],
          "passes": [],
          "failures": [
            "47c1bcaa-a43e-44e0-bf0d-a4f54ddcbbae"
          ],
          "pending": [],
          "skipped": [],
          "duration": 3195,
          "root": false,
          "rootEmpty": false,
          "_timeout": 2000
        }
      ],
      "passes": [],
      "failures": [],
      "pending": [],
      "skipped": [],
      "duration": 0,
      "root": true,
      "rootEmpty": true,
      "_timeout": 2000
    },
    {
      "uuid": "7e131d77-2015-4efa-af73-909597c21ffb",
      "title": "",
      "fullFile": "cypress\\e2e\\webdriver-uni\\radio-buttons.js",
      "file": "cypress\\e2e\\webdriver-uni\\radio-buttons.js",
      "beforeHooks": [],
      "afterHooks": [],
      "tests": [],
      "suites": [
        {
          "uuid": "ef78f35a-7e08-4096-974b-4f43ace3f289",
          "title": "Radio buttons via webdriverUni",
          "fullFile": "",
          "file": "",
          "beforeHooks": [],
          "afterHooks": [],
          "tests": [
            {
[...]
              "parentUUID": "f8ae5d62-a531-4678-8c1e-e66da34f8c2c",
              "isHook": false,
              "skipped": false
            }
          ],
          "suites": [],
          "passes": [
            "45e6dc33-44fc-430c-b472-5bbe84ca41cf"
          ],
          "failures": [],
          "pending": [],
          "skipped": [],
          "duration": 4218,
          "root": false,
          "rootEmpty": false,
          "_timeout": 2000
        }
      ],
      "passes": [],
      "failures": [],
      "pending": [],
      "skipped": [],
      "duration": 0,
      "root": true,
      "rootEmpty": true,
      "_timeout": 2000
    },
    {
      "uuid": "4d74db95-b210-4745-920d-b266e4c7f3dc",
      "title": "",
      "fullFile": "cypress\\e2e\\webdriver-uni\\selectors.js",
      "file": "cypress\\e2e\\webdriver-uni\\selectors.js",
      "beforeHooks": [],
      "afterHooks": [],
      "tests": [],
      "suites": [
        {
          "uuid": "09b7fb07-821b-4886-aa58-1fdfabbc0677",
          "title": "Selector examples",
          "fullFile": "",
          "file": "",
          "beforeHooks": [],
          "afterHooks": [],
          "tests": [
            {
              "title": "Examples of Selectors via WebdriverUni Contact Us Page",
              "fullTitle": "Selector examples Examples of Selectors via WebdriverUni Contact Us Page",
              "timedOut": null,
              "duration": 954,
              "state": "passed",
              "speed": "fast",
              "pass": true,
              "fail": false,
              "pending": false,
              "context": null,
              "code": "cy.visit(\"http://www.webdriveruniversity.com/Contact-Us/contactus.html\");\n//By tag name\ncy.get(\"input\");\n//By attribute name and value\ncy.get(\"input[name='first_name']\");\n//By id\ncy.get(\"#contact_me\");\n//By class\ncy.get(\".feedback-input\");\n//By multiple classes\ncy.get(\"[class='navbar navbar-inverse navbar-fixed-top']\");\n//By two different attributes\ncy.get(\"[name='email'][placeholder='Email Address']\");\n//By xpath\ncy.xpath(\"//input[@name='first_name']\");",
              "err": {},
              "uuid": "73ec2d38-cf87-44b7-9402-de81f212034a",
              "parentUUID": "09b7fb07-821b-4886-aa58-1fdfabbc0677",
              "isHook": false,
              "skipped": false
            }
          ],
          "suites": [],
          "passes": [
            "73ec2d38-cf87-44b7-9402-de81f212034a"
          ],
          "failures": [],
          "pending": [],
          "skipped": [],
          "duration": 954,
          "root": false,
          "rootEmpty": false,
          "_timeout": 2000
        }
      ],
      "passes": [],
      "failures": [],
      "pending": [],
      "skipped": [],
      "duration": 0,
      "root": true,
      "rootEmpty": true,
      "_timeout": 2000
    },
    {
      "uuid": "e2f33374-4ab1-446c-90e0-92350e878979",
      "title": "",
      "fullFile": "cypress\\e2e\\webdriver-uni\\traversing-elements.js",
      "file": "cypress\\e2e\\webdriver-uni\\traversing-elements.js",
      "beforeHooks": [],
      "afterHooks": [],
      "tests": [],
      "suites": [
        {
          "uuid": "28a7df17-68f6-44a2-a226-a52cf2a1c09a",
          "title": "Traversing DOM elements in Cypress",
          "fullFile": "",
          "file": "",
          "beforeHooks": [],
          "afterHooks": [],
          "tests": [
            {
              "title": "children() to get the children of DOM elements",
              "fullTitle": "Traversing DOM elements in Cypress children() to get the children of DOM elements",
              "timedOut": null,
              "duration": 2472,
              "state": "passed",
              "speed": "fast",
              "pass": true,
              "fail": false,
              "pending": false,
              "context": null,
              "code": "cy.get('.traversal-breadcrumb').children('.active').should('contain', 'Contact Us');",
              "err": {},
              "uuid": "eadf2846-f74e-4e47-8640-71a9f811bbc4",
              "parentUUID": "28a7df17-68f6-44a2-a226-a52cf2a1c09a",
              "isHook": false,
              "skipped": false
            },
            {
              "title": "closest() to validate the closest ancestor DOM element",
              "fullTitle": "Traversing DOM elements in Cypress closest() to validate the closest ancestor DOM element",
              "timedOut": null,
              "duration": 516,
              "state": "passed",
              "speed": "fast",
              "pass": true,
              "fail": false,
              "pending": false,
              "context": null,
              "code": "cy.get('.traversal-badge').closest('ul').should('have.class', 'list-group');",
              "err": {},
              "uuid": "f1a0e445-2677-41c6-803b-782264e53428",
              "parentUUID": "28a7df17-68f6-44a2-a226-a52cf2a1c09a",
              "isHook": false,
              "skipped": false
            },
            {
              "title": "eq() to retrieve a specific element based on index",
              "fullTitle": "Traversing DOM elements in Cypress eq() to retrieve a specific element based on index",
              "timedOut": null,
              "duration": 505,
              "state": "passed",
              "speed": "fast",
              "pass": true,
              "fail": false,
              "pending": false,
              "context": null,
              "code": "cy.get('.traversal-drinks-list>*').eq(2).should('contain', 'Milk');",
              "err": {},
              "uuid": "2d754aa8-38b6-4b32-ad78-c9ac59be70b2",
              "parentUUID": "28a7df17-68f6-44a2-a226-a52cf2a1c09a",
              "isHook": false,
              "skipped": false
            },
            {
              "title": "filter() to retrieve DOM elements that match a specific selector",
              "fullTitle": "Traversing DOM elements in Cypress filter() to retrieve DOM elements that match a specific selector",
              "timedOut": null,
              "duration": 485,
              "state": "passed",
              "speed": "fast",
              "pass": true,
              "fail": false,
              "pending": false,
              "context": null,
              "code": "cy.get('.btn-group-toggle>*').filter('.active').should('contain', 'Button-1');",
              "err": {},
              "uuid": "b59aa87d-d18a-459f-a0f5-e75a87007f7a",
              "parentUUID": "28a7df17-68f6-44a2-a226-a52cf2a1c09a",
              "isHook": false,
              "skipped": false
            },
            {
              "title": "find() to retrieve DOM elements of a given selector",
              "fullTitle": "Traversing DOM elements in Cypress find() to retrieve DOM elements of a given selector",
              "timedOut": null,
              "duration": 493,
              "state": "passed",
              "speed": "fast",
              "pass": true,
              "fail": false,
              "pending": false,
              "context": null,
              "code": "cy.get('.traversal-pagination').find('li').should('have.length', 7);",
              "err": {},
              "uuid": "cfe69042-f060-4ffb-bc46-f4b24d84e5e1",
              "parentUUID": "28a7df17-68f6-44a2-a226-a52cf2a1c09a",
              "isHook": false,
              "skipped": false
            },
            {
              "title": "first() to retrieve the first DOM element within elements ",
              "fullTitle": "Traversing DOM elements in Cypress first() to retrieve the first DOM element within elements ",
              "timedOut": null,
              "duration": 475,
              "state": "passed",
              "speed": "fast",
              "pass": true,
              "fail": false,
              "pending": false,
              "context": null,
              "code": "cy.get('.traversal-table>tbody>tr>td').first().should('contain', 'Andy');",
              "err": {},
              "uuid": "c1c1680f-faac-4d18-b447-a7657ec49ef2",
              "parentUUID": "28a7df17-68f6-44a2-a226-a52cf2a1c09a",
              "isHook": false,
              "skipped": false
            },
            {
              "title": "last() to retrieve the last DOM element within elements",
              "fullTitle": "Traversing DOM elements in Cypress last() to retrieve the last DOM element within elements",
              "timedOut": null,
              "duration": 892,
              "state": "passed",
              "speed": "fast",
              "pass": true,
              "fail": false,
              "pending": false,
              "context": null,
              "code": "cy.get('.traversal-table>tbody>tr>td').last().should('contain', 'Scott');",
              "err": {},
              "uuid": "37cdf730-5215-44b5-8506-d1ee1cafcae5",
              "parentUUID": "28a7df17-68f6-44a2-a226-a52cf2a1c09a",
              "isHook": false,
              "skipped": false
            },
            {
              "title": "nextAll() to get all of the next sibling DOM elements within elements",
              "fullTitle": "Traversing DOM elements in Cypress nextAll() to get all of the next sibling DOM elements within elements",
              "timedOut": null,
              "duration": 491,
              "state": "passed",
              "speed": "fast",
              "pass": true,
              "fail": false,
              "pending": false,
              "context": null,
              "code": "cy.get('.traversal-drinks-list').contains('Tea').nextAll().should('have.length', 3);",
              "err": {},
              "uuid": "3b2ade3f-52d6-451d-89e6-46f94109b772",
              "parentUUID": "28a7df17-68f6-44a2-a226-a52cf2a1c09a",
              "isHook": false,
              "skipped": false
            },
            {
              "title": "nextUntil() to get all of the next sibling DOM elements within elements until another element",
              "fullTitle": "Traversing DOM elements in Cypress nextUntil() to get all of the next sibling DOM elements within elements until another element",
              "timedOut": null,
              "duration": 509,
              "state": "passed",
              "speed": "fast",
              "pass": true,
              "fail": false,
              "pending": false,
              "context": null,
              "code": "cy.get('#coffee').nextUntil('#milk');",
              "err": {},
              "uuid": "457e83c0-2585-4ca5-9ebf-a5ebcd30f4f6",
              "parentUUID": "28a7df17-68f6-44a2-a226-a52cf2a1c09a",
              "isHook": false,
              "skipped": false
            },
            {
              "title": "not() to remove DOM element(s) from the set of elements",
              "fullTitle": "Traversing DOM elements in Cypress not() to remove DOM element(s) from the set of elements",
              "timedOut": null,
              "duration": 504,
              "state": "passed",
              "speed": "fast",
              "pass": true,
              "fail": false,
              "pending": false,
              "context": null,
              "code": "cy.get('.traversal-button-states>button').not('.disabled').should('not.have.class', 'disabled');",
              "err": {},
              "uuid": "df981c6f-414b-475a-8349-2d5b11cf6fa3",
              "parentUUID": "28a7df17-68f6-44a2-a226-a52cf2a1c09a",
              "isHook": false,
              "skipped": false
            },
            {
              "title": "parent() To get parent DOM element of elements",
              "fullTitle": "Traversing DOM elements in Cypress parent() To get parent DOM element of elements",
              "timedOut": null,
              "duration": 501,
              "state": "passed",
              "speed": "fast",
              "pass": true,
              "fail": false,
              "pending": false,
              "context": null,
              "code": "cy.get('.traversal-mark').parent().should('contain', 'Lorem ipsum dolor sit amet');",
              "err": {},
              "uuid": "2c4850bf-2afb-4e3a-aef1-2a1a4af69e6e",
              "parentUUID": "28a7df17-68f6-44a2-a226-a52cf2a1c09a",
              "isHook": false,
              "skipped": false
            },
            {
              "title": "parents() to get parents DOM element of elements",
              "fullTitle": "Traversing DOM elements in Cypress parents() to get parents DOM element of elements",
              "timedOut": null,
              "duration": 503,
              "state": "passed",
              "speed": "fast",
              "pass": true,
              "fail": false,
              "pending": false,
              "context": null,
              "code": "cy.get('.traversal-cite').parents().should('match', 'blockquote');",
              "err": {},
              "uuid": "95655889-f8ee-4290-8cab-c5eee0fd54d0",
              "parentUUID": "28a7df17-68f6-44a2-a226-a52cf2a1c09a",
              "isHook": false,
              "skipped": false
            },
            {
              "title": "prev() to get the previous sibling DOM element within elements",
              "fullTitle": "Traversing DOM elements in Cypress prev() to get the previous sibling DOM element within elements",
              "timedOut": null,
              "duration": 514,
              "state": "passed",
              "speed": "fast",
              "pass": true,
              "fail": false,
              "pending": false,
              "context": null,
              "code": "cy.get('#sugar').prev().contains('Espresso');",
              "err": {},
              "uuid": "6e2f3f65-2801-4f02-8677-23a9a2b15a07",
              "parentUUID": "28a7df17-68f6-44a2-a226-a52cf2a1c09a",
              "isHook": false,
              "skipped": false
            },
            {
              "title": "prevAll() to get all previous sibling DOM elements within elements",
              "fullTitle": "Traversing DOM elements in Cypress prevAll() to get all previous sibling DOM elements within elements",
              "timedOut": null,
              "duration": 1099,
              "state": "passed",
              "speed": "fast",
              "pass": true,
              "fail": false,
              "pending": false,
              "context": null,
              "code": "cy.get('.sales').prevAll().should('have.length', 2);",
              "err": {},
              "uuid": "233cf102-5ebc-4846-b10a-2b4209296680",
              "parentUUID": "28a7df17-68f6-44a2-a226-a52cf2a1c09a",
              "isHook": false,
              "skipped": false
            },
            {
              "title": "prevUntil() to get all previous sibling DOM elements within elements until other element",
              "fullTitle": "Traversing DOM elements in Cypress prevUntil() to get all previous sibling DOM elements within elements until other element",
              "timedOut": null,
              "duration": 929,
              "state": "passed",
              "speed": "fast",
              "pass": true,
              "fail": false,
              "pending": false,
              "context": null,
              "code": "cy.get('#veggie').prevUntil('#fruits').should('have.length', 5);",
              "err": {},
              "uuid": "56bd5f57-6e8d-4382-838a-615acb1d090b",
              "parentUUID": "28a7df17-68f6-44a2-a226-a52cf2a1c09a",
              "isHook": false,
              "skipped": false
            },
            {
              "title": "siblings() To get all sibling DOM elements of elements",
              "fullTitle": "Traversing DOM elements in Cypress siblings() To get all sibling DOM elements of elements",
              "timedOut": null,
              "duration": 1242,
              "state": "passed",
              "speed": "fast",
              "pass": true,
              "fail": false,
              "pending": false,
              "context": null,
              "code": "cy.get('.traversal-button-other-states .active').siblings().should('have.length', 3);",
              "err": {},
              "uuid": "8c6f45de-f712-4b45-aedf-bddf0fbeb3ea",
              "parentUUID": "28a7df17-68f6-44a2-a226-a52cf2a1c09a",
              "isHook": false,
              "skipped": false
            }
          ],
          "suites": [],
          "passes": [
            "eadf2846-f74e-4e47-8640-71a9f811bbc4",
            "f1a0e445-2677-41c6-803b-782264e53428",
            "2d754aa8-38b6-4b32-ad78-c9ac59be70b2",
            "b59aa87d-d18a-459f-a0f5-e75a87007f7a",
            "cfe69042-f060-4ffb-bc46-f4b24d84e5e1",
            "c1c1680f-faac-4d18-b447-a7657ec49ef2",
            "37cdf730-5215-44b5-8506-d1ee1cafcae5",
            "3b2ade3f-52d6-451d-89e6-46f94109b772",
            "457e83c0-2585-4ca5-9ebf-a5ebcd30f4f6",
            "df981c6f-414b-475a-8349-2d5b11cf6fa3",
            "2c4850bf-2afb-4e3a-aef1-2a1a4af69e6e",
            "95655889-f8ee-4290-8cab-c5eee0fd54d0",
            "6e2f3f65-2801-4f02-8677-23a9a2b15a07",
            "233cf102-5ebc-4846-b10a-2b4209296680",
            "56bd5f57-6e8d-4382-838a-615acb1d090b",
            "8c6f45de-f712-4b45-aedf-bddf0fbeb3ea"
          ],
          "failures": [],
          "pending": [],
          "skipped": [],
          "duration": 12130,
          "root": false,
          "rootEmpty": false,
          "_timeout": 2000
        }
      ],
      "passes": [],
      "failures": [],
      "pending": [],
      "skipped": [],
      "duration": 0,
      "root": true,
      "rootEmpty": true,
      "_timeout": 2000
    },
    {
      "uuid": "a8393f83-1c9a-4cdc-80de-4112d8fe405a",
      "title": "",
      "fullFile": "cypress\\e2e\\automation-test-store\\add-multiple-items-to-basket.js",
      "file": "cypress\\e2e\\automation-test-store\\add-multiple-items-to-basket.js",
      "beforeHooks": [],
      "afterHooks": [],
      "tests": [],
      "suites": [
        {
          "uuid": "b5c87df6-055e-4e96-bb6f-7a60a66f9fe4",
          "title": "Add multiple items to basket",
          "fullFile": "",
          "file": "",
          "beforeHooks": [],
          "afterHooks": [],
          "tests": [
            {
              "title": "Addspecific item to basket",
              "fullTitle": "Add multiple items to basket Addspecific item to basket",
              "timedOut": null,
              "duration": 16120,
              "state": "passed",
              "speed": "slow",
              "pass": true,
              "fail": false,
              "pending": false,
              "context": null,
              "code": "autoStore_Haircare_PO.addHairCareProductsToBasket();",
              "err": {},
              "uuid": "79c44a1e-c051-4558-8867-e9b864b3425f",
              "parentUUID": "b5c87df6-055e-4e96-bb6f-7a60a66f9fe4",
              "isHook": false,
              "skipped": false
            }
          ],
          "suites": [],
          "passes": [
            "79c44a1e-c051-4558-8867-e9b864b3425f"
          ],
          "failures": [],
          "pending": [],
          "skipped": [],
          "duration": 16120,
          "root": false,
          "rootEmpty": false,
          "_timeout": 2000
        }
      ],
      "passes": [],
      "failures": [],
      "pending": [],
      "skipped": [],
      "duration": 0,
      "root": true,
      "rootEmpty": true,
      "_timeout": 2000
    }
  ],
  "meta": {
    "mocha": {
      "version": "7.0.1"
    },
    "mochawesome": {
      "options": {
        "quiet": false,
        "reportFilename": "mochawesome",
        "saveHtml": false,
        "saveJson": true,
        "consoleReporter": "spec",
        "useInlineDiffs": false,
        "code": true
      },
      "version": "7.1.3"
    },
    "marge": {
      "options": {
        "id": "default",
        "reportDir": "cypress/results/mochawesome",
        "quite": "true",
        "overwrite": "false",
        "html": "false",
        "json": "true"
      },
      "version": "6.2.0"
    }
  }
}