{
  "stats": {
    "suites": 1,
    "tests": 1,
    "passes": 0,
    "pending": 0,
    "failures": 1,
    "start": "2023-06-17T13:59:30.422Z",
    "end": "2023-06-17T14:00:13.698Z",
    "duration": 43276,
    "testsRegistered": 1,
    "passPercent": 0,
    "pendingPercent": 0,
    "other": 0,
    "hasOther": false,
    "skipped": 0,
    "hasSkipped": false
  },
  "results": [
    {
      "uuid": "d59aad97-ff89-4f66-938d-a8d6c49fc480",
      "title": "",
      "fullFile": "cypress\\e2e\\practice\\random-selection.js",
      "file": "cypress\\e2e\\practice\\random-selection.js",
      "beforeHooks": [],
      "afterHooks": [],
      "tests": [],
      "suites": [
        {
          "uuid": "44c7980c-edd5-42e8-92ec-34e30832ab4c",
          "title": "Cypress.io tests",
          "fullFile": "",
          "file": "",
          "beforeHooks": [],
          "afterHooks": [],
          "tests": [
            {
              "title": "Open cypress.io page",
              "fullTitle": "Cypress.io tests Open cypress.io page",
              "timedOut": null,
              "duration": 43196,
              "state": "failed",
              "speed": null,
              "pass": false,
              "fail": true,
              "pending": false,
              "context": null,
              "code": "var cypressPage = 'https://www.testandquiz.com/selenium/testing.html';\ncy.visit(cypressPage);\n// Get the array of options\ncy.xpath('//*[@id=\"testingDropdown\"]//option').then($elements => {\n  const randomOption = Math.floor(Math.random() * $elements.length);\n  // select option from drop down\n  cy.xpath('//*[@id=\"testingDropdown\"]').select(`${$elements[randomOption].innerText}`);\n  cy.log(`random option selected is ${$elements[randomOption].innerText}}`);\n});",
              "err": {
                "message": "CypressError: `cy.visit()` failed trying to load:\n\nhttps://www.testandquiz.com/selenium/testing.html\n\nWe attempted to make an http request to this URL but the request failed without a response.\n\nWe received this error at the network level:\n\n  > Error: connect ETIMEDOUT 18.119.154.66:443\n\nCommon situations why this would fail:\n  - you don't have internet access\n  - you forgot to run / boot your web server\n  - your web server isn't accessible\n  - you have weird network configuration settings on your computer",
                "estack": "CypressError: `cy.visit()` failed trying to load:\n\nhttps://www.testandquiz.com/selenium/testing.html\n\nWe attempted to make an http request to this URL but the request failed without a response.\n\nWe received this error at the network level:\n\n  > Error: connect ETIMEDOUT 18.119.154.66:443\n\nCommon situations why this would fail:\n  - you don't have internet access\n  - you forgot to run / boot your web server\n  - your web server isn't accessible\n  - you have weird network configuration settings on your computer\n    at <unknown> (http://www.webdriveruniversity.com/__cypress/runner/cypress_runner.js:147677:82)\n    at visitFailedByErr (http://www.webdriveruniversity.com/__cypress/runner/cypress_runner.js:147069:12)\n    at <unknown> (http://www.webdriveruniversity.com/__cypress/runner/cypress_runner.js:147676:11)\n    at tryCatcher (http://www.webdriveruniversity.com/__cypress/runner/cypress_runner.js:18744:23)\n    at Promise._settlePromiseFromHandler (http://www.webdriveruniversity.com/__cypress/runner/cypress_runner.js:16679:31)\n    at Promise._settlePromise (http://www.webdriveruniversity.com/__cypress/runner/cypress_runner.js:16736:18)\n    at Promise._settlePromise0 (http://www.webdriveruniversity.com/__cypress/runner/cypress_runner.js:16781:10)\n    at Promise._settlePromises (http://www.webdriveruniversity.com/__cypress/runner/cypress_runner.js:16857:18)\n    at _drainQueueStep (http://www.webdriveruniversity.com/__cypress/runner/cypress_runner.js:13451:12)\n    at _drainQueue (http://www.webdriveruniversity.com/__cypress/runner/cypress_runner.js:13444:9)\n    at ../../node_modules/bluebird/js/release/async.js.Async._drainQueues (http://www.webdriveruniversity.com/__cypress/runner/cypress_runner.js:13460:5)\n    at Async.drainQueues (http://www.webdriveruniversity.com/__cypress/runner/cypress_runner.js:13330:14)\nFrom Your Spec Code:\n    at Context.eval (webpack:///./cypress/e2e/practice/random-selection.js:5:7)\n\nFrom Node.js Internals:\n  Error: connect ETIMEDOUT 18.119.154.66:443\n      at TCPConnectWrap.afterConnect [as oncomplete] (node:net:1187:16)",
                "diff": null
              },
              "uuid": "373582ba-a720-4093-bf04-a5ba0aad5754",
              "parentUUID": "44c7980c-edd5-42e8-92ec-34e30832ab4c",
              "isHook": false,
              "skipped": false
            }
          ],
          "suites": [],
          "passes": [],
          "failures": [
            "373582ba-a720-4093-bf04-a5ba0aad5754"
          ],
          "pending": [],
          "skipped": [],
          "duration": 43196,
          "root": false,
          "rootEmpty": false,
          "_timeout": 2000
        }
      ],
      "passes": [],
      "failures": [],
      "pending": [],
      "skipped": [],
      "duration": 0,
      "root": true,
      "rootEmpty": true,
      "_timeout": 2000
    }
  ],
  "meta": {
    "mocha": {
      "version": "7.0.1"
    },
    "mochawesome": {
      "options": {
        "quiet": false,
        "reportFilename": "mochawesome",
        "saveHtml": false,
        "saveJson": true,
        "consoleReporter": "spec",
        "useInlineDiffs": false,
        "code": true
      },
      "version": "7.1.3"
    },
    "marge": {
      "options": {
        "id": "default",
        "reportDir": "cypress/results/mochawesome",
        "quite": "true",
        "overwrite": "false",
        "html": "false",
        "json": "true"
      },
      "version": "6.2.0"
    }
  }
}