{
  "stats": {
    "suites": 1,
    "tests": 1,
    "passes": 1,
    "pending": 0,
    "failures": 0,
    "start": "2023-06-17T13:51:44.654Z",
    "end": "2023-06-17T13:51:53.059Z",
    "duration": 8405,
    "testsRegistered": 1,
    "passPercent": 100,
    "pendingPercent": 0,
    "other": 0,
    "hasOther": false,
    "skipped": 0,
    "hasSkipped": false
  },
  "results": [
    {
      "uuid": "9cbca261-0ea0-4ec8-aaaf-b4f2058a67f3",
      "title": "",
      "fullFile": "cypress\\e2e\\webdriver-uni\\browser-navigation.js",
      "file": "cypress\\e2e\\webdriver-uni\\browser-navigation.js",
      "beforeHooks": [],
      "afterHooks": [],
      "tests": [],
      "suites": [
        {
          "uuid": "870e3186-c137-46ef-825d-7a42499a9509",
          "title": "Validate WebdriverUni home links",
          "fullFile": "",
          "file": "",
          "beforeHooks": [],
          "afterHooks": [],
          "tests": [
            {
              "title": "Confirm links redirect to correct page",
              "fullTitle": "Validate WebdriverUni home links Confirm links redirect to correct page",
              "timedOut": null,
              "duration": 8321,
              "state": "passed",
              "speed": "medium",
              "pass": true,
              "fail": false,
              "pending": false,
              "context": null,
              "code": "// Lecture 107 to 110\n// cy.visit(\"http://www.webdriveruniversity.com/Contact-Us/contactus.html\")\ncy.visit(\"http://www.webdriveruniversity.com/\");\ncy.get('#contact-us').invoke('removeAttr', 'target').click({\n  force: true\n});\ncy.url().should('include', 'contactus');\ncy.go('back');\ncy.reload();\ncy.url().should('include', 'http://www.webdriveruniversity.com/');\n// cy.reload(true) //reload without using catche\ncy.go('forward');\ncy.url().should('include', 'contactus');\ncy.go('back');\ncy.get('#login-portal').invoke('removeAttr', 'target').click({\n  force: true\n});\ncy.url().should('include', 'Login-Portal');\ncy.go('back');\ncy.get('#to-do-list').invoke('removeAttr', 'target').click({\n  force: true\n});\ncy.url().should('include', 'To-Do-List');\ncy.go('back');\ncy.go('forward');\ncy.url().should('include', 'To-Do-List');",
              "err": {},
              "uuid": "0b60967c-b63e-47e3-a466-7496bd3ac0d3",
              "parentUUID": "870e3186-c137-46ef-825d-7a42499a9509",
              "isHook": false,
              "skipped": false
            }
          ],
          "suites": [],
          "passes": [
            "0b60967c-b63e-47e3-a466-7496bd3ac0d3"
          ],
          "failures": [],
          "pending": [],
          "skipped": [],
          "duration": 8321,
          "root": false,
          "rootEmpty": false,
          "_timeout": 2000
        }
      ],
      "passes": [],
      "failures": [],
      "pending": [],
      "skipped": [],
      "duration": 0,
      "root": true,
      "rootEmpty": true,
      "_timeout": 2000
    }
  ],
  "meta": {
    "mocha": {
      "version": "7.0.1"
    },
    "mochawesome": {
      "options": {
        "quiet": false,
        "reportFilename": "mochawesome",
        "saveHtml": false,
        "saveJson": true,
        "consoleReporter": "spec",
        "useInlineDiffs": false,
        "code": true
      },
      "version": "7.1.3"
    },
    "marge": {
      "options": {
        "id": "default",
        "reportDir": "cypress/results/mochawesome",
        "quite": "true",
        "overwrite": "false",
        "html": "false",
        "json": "true"
      },
      "version": "6.2.0"
    }
  }
}