{
  "stats": {
    "suites": 1,
    "tests": 4,
    "passes": 4,
    "pending": 0,
    "failures": 0,
    "start": "2023-06-17T15:45:01.029Z",
    "end": "2023-06-17T15:46:15.229Z",
    "duration": 74200,
    "testsRegistered": 4,
    "passPercent": 100,
    "pendingPercent": 0,
    "other": 0,
    "hasOther": false,
    "skipped": 0,
    "hasSkipped": false
  },
  "results": [
    {
      "uuid": "8746ebe5-a4b8-4d8a-b49d-8ae1941070c6",
      "title": "",
      "fullFile": "cypress\\e2e\\automation-test-store\\iterate-over-elements.js",
      "file": "cypress\\e2e\\automation-test-store\\iterate-over-elements.js",
      "beforeHooks": [],
      "afterHooks": [],
      "tests": [],
      "suites": [
        {
          "uuid": "b37819f1-5473-4f6e-abdd-b8f03ee71f06",
          "title": "Iterate Over Elements",
          "fullFile": "",
          "file": "",
          "beforeHooks": [],
          "afterHooks": [],
          "tests": [
            {
              "title": "Log information for all Hair care products",
              "fullTitle": "Iterate Over Elements Log information for all Hair care products",
              "timedOut": null,
              "duration": 19711,
              "state": "passed",
              "speed": "slow",
              "pass": true,
              "fail": false,
              "pending": false,
              "context": null,
              "code": "// Lecture 90 and 91 and 92\ncy.get('.fixed_wrapper .prdocutname').each(($el, index, $list) => {\n  cy.log(\"Index : \" + index + \" : \" + $el.text());\n});",
              "err": {},
              "uuid": "c5123929-c638-4972-915e-ac55aa205880",
              "parentUUID": "b37819f1-5473-4f6e-abdd-b8f03ee71f06",
              "isHook": false,
              "skipped": false
            },
            {
              "title": "Add specific product to basket",
              "fullTitle": "Iterate Over Elements Add specific product to basket",
              "timedOut": null,
              "duration": 17322,
              "state": "passed",
              "speed": "slow",
              "pass": true,
              "fail": false,
              "pending": false,
              "context": null,
              "code": "/*cy.get('.fixed_wrapper .prdocutname').each(($el, index, $list) => {\n    if($el.text().includes('Curls to straight Shampoo')){\n        cy.wrap($el).click()\n    }\n  })*/\n// Lecture 177 to 180\ncy.selectProduct('Curls to straight Shampoo');",
              "err": {},
              "uuid": "8145a5e8-fedc-4e2b-9c13-34420398f059",
              "parentUUID": "b37819f1-5473-4f6e-abdd-b8f03ee71f06",
              "isHook": false,
              "skipped": false
            },
            {
              "title": "Add another specific product to basket",
              "fullTitle": "Iterate Over Elements Add another specific product to basket",
              "timedOut": null,
              "duration": 9058,
              "state": "passed",
              "speed": "medium",
              "pass": true,
              "fail": false,
              "pending": false,
              "context": null,
              "code": "cy.selectProduct('Seaweed Conditioner');",
              "err": {},
              "uuid": "b0e571d8-7791-417b-9a12-710a4afefbd2",
              "parentUUID": "b37819f1-5473-4f6e-abdd-b8f03ee71f06",
              "isHook": false,
              "skipped": false
            },
            {
              "title": "Add another new specific product to basket",
              "fullTitle": "Iterate Over Elements Add another new specific product to basket",
              "timedOut": null,
              "duration": 11743,
              "state": "passed",
              "speed": "slow",
              "pass": true,
              "fail": false,
              "pending": false,
              "context": null,
              "code": "cy.selectProduct('Eau Parfumee au The Vert Shampoo');",
              "err": {},
              "uuid": "3762c51e-b1ed-40fe-a044-6f523cb36d0f",
              "parentUUID": "b37819f1-5473-4f6e-abdd-b8f03ee71f06",
              "isHook": false,
              "skipped": false
            }
          ],
          "suites": [],
          "passes": [
            "c5123929-c638-4972-915e-ac55aa205880",
            "8145a5e8-fedc-4e2b-9c13-34420398f059",
            "b0e571d8-7791-417b-9a12-710a4afefbd2",
            "3762c51e-b1ed-40fe-a044-6f523cb36d0f"
          ],
          "failures": [],
          "pending": [],
          "skipped": [],
          "duration": 57834,
          "root": false,
          "rootEmpty": false,
          "_timeout": 2000
        }
      ],
      "passes": [],
      "failures": [],
      "pending": [],
      "skipped": [],
      "duration": 0,
      "root": true,
      "rootEmpty": true,
      "_timeout": 2000
    }
  ],
  "meta": {
    "mocha": {
      "version": "7.0.1"
    },
    "mochawesome": {
      "options": {
        "quiet": false,
        "reportFilename": "mochawesome",
        "saveHtml": false,
        "saveJson": true,
        "consoleReporter": "spec",
        "useInlineDiffs": false,
        "code": true
      },
      "version": "7.1.3"
    },
    "marge": {
      "options": {
        "id": "default",
        "reportDir": "cypress/results/mochawesome",
        "quite": "true",
        "overwrite": "false",
        "html": "false",
        "json": "true"
      },
      "version": "6.2.0"
    }
  }
}