{
  "stats": {
    "suites": 1,
    "tests": 1,
    "passes": 0,
    "pending": 0,
    "failures": 1,
    "start": "2023-06-17T14:00:47.482Z",
    "end": "2023-06-17T14:00:53.623Z",
    "duration": 6141,
    "testsRegistered": 1,
    "passPercent": 0,
    "pendingPercent": 0,
    "other": 0,
    "hasOther": false,
    "skipped": 0,
    "hasSkipped": false
  },
  "results": [
    {
      "uuid": "bb227085-d124-4766-88b4-636738a20175",
      "title": "",
      "fullFile": "cypress\\e2e\\practice\\sorting.js",
      "file": "cypress\\e2e\\practice\\sorting.js",
      "beforeHooks": [],
      "afterHooks": [],
      "tests": [],
      "suites": [
        {
          "uuid": "e8597812-40ee-4825-a35e-5a9b8ff331da",
          "title": "Sorting Table",
          "fullFile": "",
          "file": "",
          "beforeHooks": [],
          "afterHooks": [],
          "tests": [
            {
              "title": "sort table",
              "fullTitle": "Sorting Table sort table",
              "timedOut": null,
              "duration": 2211,
              "state": "failed",
              "speed": null,
              "pass": false,
              "fail": true,
              "pending": false,
              "context": null,
              "code": "cy.visit(\"https://www.kryogenix.org/code/browser/sorttable/\");\ncy.get(\"//body[1]/div[1]/table[2]/tbody[1]/tr/td[1]\");",
              "err": {
                "message": "TagError: The following error originated from your application code, not from Cypress.\n\n  > adsbygoogle.push() error: No slot size for availableWidth=0\n\nWhen Cypress detects uncaught errors originating from your application it will automatically fail the current test.\n\nThis behavior is configurable, and you can choose to turn this off by listening to the `uncaught:exception` event.\n\nhttps://on.cypress.io/uncaught-exception-from-application",
                "estack": "TagError: The following error originated from your application code, not from Cypress.\n\n  > adsbygoogle.push() error: No slot size for availableWidth=0\n\nWhen Cypress detects uncaught errors originating from your application it will automatically fail the current test.\n\nThis behavior is configurable, and you can choose to turn this off by listening to the `uncaught:exception` event.\n\nhttps://on.cypress.io/uncaught-exception-from-application\n    at Wl (https://pagead2.googlesyndication.com/pagead/js/adsbygoogle.js:145:67)\n    at Yl (https://pagead2.googlesyndication.com/pagead/js/adsbygoogle.js:143:1164)\n    at dm (https://pagead2.googlesyndication.com/pagead/js/adsbygoogle.js:148:91)\n    at Xn (https://pagead2.googlesyndication.com/pagead/js/adsbygoogle.js:187:202)\n    at qo (https://pagead2.googlesyndication.com/pagead/js/adsbygoogle.js:191:105)\n    at po (https://pagead2.googlesyndication.com/pagead/js/adsbygoogle.js:190:534)\n    at yo (https://pagead2.googlesyndication.com/pagead/js/adsbygoogle.js:206:237)\n    at e.client (https://pagead2.googlesyndication.com/pagead/js/adsbygoogle.js:200:42)\n    at Pd.da (https://pagead2.googlesyndication.com/pagead/js/adsbygoogle.js:44:224)\n    at Bi (https://pagead2.googlesyndication.com/pagead/js/adsbygoogle.js:80:19)",
                "diff": null
              },
              "uuid": "7bfd9744-6bdc-4342-beca-76433b97d870",
              "parentUUID": "e8597812-40ee-4825-a35e-5a9b8ff331da",
              "isHook": false,
              "skipped": false
            }
          ],
          "suites": [],
          "passes": [],
          "failures": [
            "7bfd9744-6bdc-4342-beca-76433b97d870"
          ],
          "pending": [],
          "skipped": [],
          "duration": 2211,
          "root": false,
          "rootEmpty": false,
          "_timeout": 2000
        }
      ],
      "passes": [],
      "failures": [],
      "pending": [],
      "skipped": [],
      "duration": 0,
      "root": true,
      "rootEmpty": true,
      "_timeout": 2000
    }
  ],
  "meta": {
    "mocha": {
      "version": "7.0.1"
    },
    "mochawesome": {
      "options": {
        "quiet": false,
        "reportFilename": "mochawesome",
        "saveHtml": false,
        "saveJson": true,
        "consoleReporter": "spec",
        "useInlineDiffs": false,
        "code": true
      },
      "version": "7.1.3"
    },
    "marge": {
      "options": {
        "id": "default",
        "reportDir": "cypress/results/mochawesome",
        "quite": "true",
        "overwrite": "false",
        "html": "false",
        "json": "true"
      },
      "version": "6.2.0"
    }
  }
}