{
  "stats": {
    "suites": 1,
    "tests": 2,
    "passes": 2,
    "pending": 0,
    "failures": 0,
    "start": "2023-06-17T13:51:58.735Z",
    "end": "2023-06-17T13:52:12.416Z",
    "duration": 13681,
    "testsRegistered": 2,
    "passPercent": 100,
    "pendingPercent": 0,
    "other": 0,
    "hasOther": false,
    "skipped": 0,
    "hasSkipped": false
  },
  "results": [
    {
      "uuid": "804f681e-98ca-42ed-b705-1ef366c1bb54",
      "title": "",
      "fullFile": "cypress\\e2e\\webdriver-uni\\contact-us.js",
      "file": "cypress\\e2e\\webdriver-uni\\contact-us.js",
      "beforeHooks": [],
      "afterHooks": [],
      "tests": [],
      "suites": [
        {
          "uuid": "8b63bd77-7db5-4fe0-b12b-5a0cd08b921a",
          "title": "Test Contact Us from via WebdriverUni",
          "fullFile": "",
          "file": "",
          "beforeHooks": [],
          "afterHooks": [],
          "tests": [
            {
              "title": "Should be able to submit a successful submission via contact us form",
              "fullTitle": "Test Contact Us from via WebdriverUni Should be able to submit a successful submission via contact us form",
              "timedOut": null,
              "duration": 9508,
              "state": "passed",
              "speed": "medium",
              "pass": true,
              "fail": false,
              "pending": false,
              "context": null,
              "code": "// cy.visit(\"http://www.webdriveruniversity.com/Contact-Us/contactus.html\")\ncy.document().should('have.property', 'charset').and('eq', 'UTF-8');\ncy.title().should('include', 'WebDriver | Contact Us');\ncy.url().should('include', 'contactus');\n//cy.pause();\ncy.wait(3000);\ncontact_Us_PO.ContactForm_Submission(Cypress.env(\"first_name\"), data.last_name, data.email, \"Hello World\", 'h1', 'Thank You for your Message!');",
              "err": {},
              "uuid": "17e47f29-6852-482e-b7b6-c09fdc53699f",
              "parentUUID": "8b63bd77-7db5-4fe0-b12b-5a0cd08b921a",
              "isHook": false,
              "skipped": false
            },
            {
              "title": "Should not be able to submit a successful submission via contact us form as all fields are required",
              "fullTitle": "Test Contact Us from via WebdriverUni Should not be able to submit a successful submission via contact us form as all fields are required",
              "timedOut": null,
              "duration": 4074,
              "state": "passed",
              "speed": "fast",
              "pass": true,
              "fail": false,
              "pending": false,
              "context": null,
              "code": "contact_Us_PO.ContactForm_Submission(data.first_name, data.last_name, \" \", \"Hello World\", 'body', 'Error: Invalid email address');",
              "err": {},
              "uuid": "45b24cb9-7329-4836-b5f5-cc53457c2bff",
              "parentUUID": "8b63bd77-7db5-4fe0-b12b-5a0cd08b921a",
              "isHook": false,
              "skipped": false
            }
          ],
          "suites": [],
          "passes": [
            "17e47f29-6852-482e-b7b6-c09fdc53699f",
            "45b24cb9-7329-4836-b5f5-cc53457c2bff"
          ],
          "failures": [],
          "pending": [],
          "skipped": [],
          "duration": 13582,
          "root": false,
          "rootEmpty": false,
          "_timeout": 2000
        }
      ],
      "passes": [],
      "failures": [],
      "pending": [],
      "skipped": [],
      "duration": 0,
      "root": true,
      "rootEmpty": true,
      "_timeout": 2000
    }
  ],
  "meta": {
    "mocha": {
      "version": "7.0.1"
    },
    "mochawesome": {
      "options": {
        "quiet": false,
        "reportFilename": "mochawesome",
        "saveHtml": false,
        "saveJson": true,
        "consoleReporter": "spec",
        "useInlineDiffs": false,
        "code": true
      },
      "version": "7.1.3"
    },
    "marge": {
      "options": {
        "id": "default",
        "reportDir": "cypress/results/mochawesome",
        "quite": "true",
        "overwrite": "false",
        "html": "false",
        "json": "true"
      },
      "version": "6.2.0"
    }
  }
}