{
  "stats": {
    "suites": 1,
    "tests": 1,
    "passes": 1,
    "pending": 0,
    "failures": 0,
    "start": "2023-06-17T13:52:21.277Z",
    "end": "2023-06-17T13:52:26.107Z",
    "duration": 4830,
    "testsRegistered": 1,
    "passPercent": 100,
    "pendingPercent": 0,
    "other": 0,
    "hasOther": false,
    "skipped": 0,
    "hasSkipped": false
  },
  "results": [
    {
      "uuid": "2e8b140f-a2c0-4bbe-b68e-e8b031ba86b7",
      "title": "",
      "fullFile": "cypress\\e2e\\webdriver-uni\\datepicker.js",
      "file": "cypress\\e2e\\webdriver-uni\\datepicker.js",
      "beforeHooks": [],
      "afterHooks": [],
      "tests": [],
      "suites": [
        {
          "uuid": "296ddfdd-9557-420f-bc35-af01634ab835",
          "title": "Test Date picker via Webdriveruni",
          "fullFile": "",
          "file": "",
          "beforeHooks": [],
          "afterHooks": [],
          "tests": [
            {
              "title": "Select date form the date picker",
              "fullTitle": "Test Date picker via Webdriveruni Select date form the date picker",
              "timedOut": null,
              "duration": 4809,
              "state": "passed",
              "speed": "fast",
              "pass": true,
              "fail": false,
              "pending": false,
              "context": null,
              "code": "cy.visit(\"http://www.webdriveruniversity.com/\");\ncy.get('#datepicker').invoke('removeAttr', 'target').click({\n  force: true\n});\ncy.get('#datepicker').click();\n/*   \n   let date = new Date()\n   date.setDate(date.getDate())\n   cy.log(date.getDate())  // get current date i.e. 09\n     let date2 = new Date()\n   date2.setDate(date.getDate() + 5)\n   cy.log(date2.getDate())  // get current date i.e. 09 + 5 = 14\n */\nlet date = new Date();\ndate.setDate(date.getDate() + 200);\nvar futureYear = date.getFullYear();\nvar futureMonth = date.toLocaleString(\"dafault\", {\n  month: \"long\"\n});\nvar futureDay = date.getDate();\ncy.log(\"Future year to select: \" + futureYear);\ncy.log(\"Future month to select: \" + futureMonth);\ncy.log(\"Future day to select: \" + futureDay);\nfunction selectMonthAndYear() {\n  cy.get('.datepicker-dropdown').find('.datepicker-switch').first().then(currentDate => {\n    if (!currentDate.text().includes(futureYear)) {\n      cy.get('.next').first().click();\n      selectMonthAndYear();\n    }\n  }).then(() => {\n    cy.get('.datepicker-dropdown').find('.datepicker-switch').first().then(currentDate => {\n      if (!currentDate.text().includes(futureMonth)) {\n        cy.get('.next').first().click();\n        selectMonthAndYear();\n      }\n    });\n  });\n}\nfunction selectFutureDay() {\n  cy.get('[class=\"day\"]').contains(futureDay).click();\n}\nselectMonthAndYear();\nselectFutureDay();",
              "err": {},
              "uuid": "69a4ab6f-390f-4aec-9195-4e945fd41fdc",
              "parentUUID": "296ddfdd-9557-420f-bc35-af01634ab835",
              "isHook": false,
              "skipped": false
            }
          ],
          "suites": [],
          "passes": [
            "69a4ab6f-390f-4aec-9195-4e945fd41fdc"
          ],
          "failures": [],
          "pending": [],
          "skipped": [],
          "duration": 4809,
          "root": false,
          "rootEmpty": false,
          "_timeout": 2000
        }
      ],
      "passes": [],
      "failures": [],
      "pending": [],
      "skipped": [],
      "duration": 0,
      "root": true,
      "rootEmpty": true,
      "_timeout": 2000
    }
  ],
  "meta": {
    "mocha": {
      "version": "7.0.1"
    },
    "mochawesome": {
      "options": {
        "quiet": false,
        "reportFilename": "mochawesome",
        "saveHtml": false,
        "saveJson": true,
        "consoleReporter": "spec",
        "useInlineDiffs": false,
        "code": true
      },
      "version": "7.1.3"
    },
    "marge": {
      "options": {
        "id": "default",
        "reportDir": "cypress/results/mochawesome",
        "quite": "true",
        "overwrite": "false",
        "html": "false",
        "json": "true"
      },
      "version": "6.2.0"
    }
  }
}