{
  "stats": {
    "suites": 1,
    "tests": 4,
    "passes": 4,
    "pending": 0,
    "failures": 0,
    "start": "2023-06-17T15:26:56.619Z",
    "end": "2023-06-17T15:27:36.650Z",
    "duration": 40031,
    "testsRegistered": 4,
    "passPercent": 100,
    "pendingPercent": 0,
    "other": 0,
    "hasOther": false,
    "skipped": 0,
    "hasSkipped": false
  },
  "results": [
    {
      "uuid": "8d6c3747-e383-4680-b103-508a7b7aff33",
      "title": "",
      "fullFile": "cypress\\e2e\\automation-test-store\\iterate-over-elements.js",
      "file": "cypress\\e2e\\automation-test-store\\iterate-over-elements.js",
      "beforeHooks": [],
      "afterHooks": [],
      "tests": [],
      "suites": [
        {
          "uuid": "553bff85-56f9-4cfb-8af9-98fd7b957c2e",
          "title": "Iterate Over Elements",
          "fullFile": "",
          "file": "",
          "beforeHooks": [],
          "afterHooks": [],
          "tests": [
            {
              "title": "Log information for all Hair care products",
              "fullTitle": "Iterate Over Elements Log information for all Hair care products",
              "timedOut": null,
              "duration": 14425,
              "state": "passed",
              "speed": "slow",
              "pass": true,
              "fail": false,
              "pending": false,
              "context": null,
              "code": "// Lecture 90 and 91 and 92\ncy.get('.fixed_wrapper .prdocutname').each(($el, index, $list) => {\n  cy.log(\"Index : \" + index + \" : \" + $el.text());\n});",
              "err": {},
              "uuid": "c329238e-a46f-4ab6-94ec-9a3f92e0667c",
              "parentUUID": "553bff85-56f9-4cfb-8af9-98fd7b957c2e",
              "isHook": false,
              "skipped": false
            },
            {
              "title": "Add specific product to basket",
              "fullTitle": "Iterate Over Elements Add specific product to basket",
              "timedOut": null,
              "duration": 8225,
              "state": "passed",
              "speed": "medium",
              "pass": true,
              "fail": false,
              "pending": false,
              "context": null,
              "code": "/*cy.get('.fixed_wrapper .prdocutname').each(($el, index, $list) => {\n    if($el.text().includes('Curls to straight Shampoo')){\n        cy.wrap($el).click()\n    }\n  })*/\n// Lecture 177 to 180\ncy.selectProduct('Curls to straight Shampoo');",
              "err": {},
              "uuid": "d0bcc5ef-4bf4-4e8d-870b-8d6a269dd1e8",
              "parentUUID": "553bff85-56f9-4cfb-8af9-98fd7b957c2e",
              "isHook": false,
              "skipped": false
            },
            {
              "title": "Add another specific product to basket",
              "fullTitle": "Iterate Over Elements Add another specific product to basket",
              "timedOut": null,
              "duration": 7581,
              "state": "passed",
              "speed": "medium",
              "pass": true,
              "fail": false,
              "pending": false,
              "context": null,
              "code": "cy.selectProduct('Seaweed Conditioner');",
              "err": {},
              "uuid": "1df72955-8877-47bf-888a-3d93578024c7",
              "parentUUID": "553bff85-56f9-4cfb-8af9-98fd7b957c2e",
              "isHook": false,
              "skipped": false
            },
            {
              "title": "Add another new specific product to basket",
              "fullTitle": "Iterate Over Elements Add another new specific product to basket",
              "timedOut": null,
              "duration": 5903,
              "state": "passed",
              "speed": "medium",
              "pass": true,
              "fail": false,
              "pending": false,
              "context": null,
              "code": "cy.selectProduct('Eau Parfumee au The Vert Shampoo');",
              "err": {},
              "uuid": "89a6d65b-e41a-495c-a02a-cf17ed9a2cc4",
              "parentUUID": "553bff85-56f9-4cfb-8af9-98fd7b957c2e",
              "isHook": false,
              "skipped": false
            }
          ],
          "suites": [],
          "passes": [
            "c329238e-a46f-4ab6-94ec-9a3f92e0667c",
            "d0bcc5ef-4bf4-4e8d-870b-8d6a269dd1e8",
            "1df72955-8877-47bf-888a-3d93578024c7",
            "89a6d65b-e41a-495c-a02a-cf17ed9a2cc4"
          ],
          "failures": [],
          "pending": [],
          "skipped": [],
          "duration": 36134,
          "root": false,
          "rootEmpty": false,
          "_timeout": 2000
        }
      ],
      "passes": [],
      "failures": [],
      "pending": [],
      "skipped": [],
      "duration": 0,
      "root": true,
      "rootEmpty": true,
      "_timeout": 2000
    }
  ],
  "meta": {
    "mocha": {
      "version": "7.0.1"
    },
    "mochawesome": {
      "options": {
        "quiet": false,
        "reportFilename": "mochawesome",
        "saveHtml": false,
        "saveJson": true,
        "consoleReporter": "spec",
        "useInlineDiffs": false,
        "code": true
      },
      "version": "7.1.3"
    },
    "marge": {
      "options": {
        "id": "default",
        "reportDir": "cypress/results/mochawesome",
        "quite": "true",
        "overwrite": "false",
        "html": "false",
        "json": "true"
      },
      "version": "6.2.0"
    }
  }
}