{
  "stats": {
    "suites": 1,
    "tests": 1,
    "passes": 0,
    "pending": 0,
    "failures": 1,
    "start": "2023-06-17T13:52:42.003Z",
    "end": "2023-06-17T13:52:47.388Z",
    "duration": 5385,
    "testsRegistered": 1,
    "passPercent": 0,
    "pendingPercent": 0,
    "other": 0,
    "hasOther": false,
    "skipped": 0,
    "hasSkipped": false
  },
  "results": [
    {
      "uuid": "1a118be6-0aaa-4669-aa47-ea9962203242",
      "title": "",
      "fullFile": "cypress\\e2e\\webdriver-uni\\mouse-actions.js",
      "file": "cypress\\e2e\\webdriver-uni\\mouse-actions.js",
      "beforeHooks": [],
      "afterHooks": [],
      "tests": [],
      "suites": [
        {
          "uuid": "af6bc9f7-6f42-4f33-b869-69f32837f3d1",
          "title": "Test mouse actions",
          "fullFile": "",
          "file": "",
          "beforeHooks": [],
          "afterHooks": [],
          "tests": [
            {
              "title": "I should able to hold down the left mouse click button on given element",
              "fullTitle": "Test mouse actions I should able to hold down the left mouse click button on given element",
              "timedOut": null,
              "duration": 5338,
              "state": "failed",
              "speed": null,
              "pass": false,
              "fail": true,
              "pending": false,
              "context": null,
              "code": "cy.visit(\"http://www.webdriveruniversity.com/\");\ncy.get('#actions').scrollIntoView().invoke('removeAttr', 'target').click({\n  force: true\n});\ncy.get('#click-box').trigger('mousedown', {\n  which: 1\n}).then($element => {\n  expect($element).to.have.css('background', 'rgb(0, 255, 0)');\n});",
              "err": {
                "message": "AssertionError: expected '<div#click-box.col-lg-12.text-center>' to have CSS property 'background' with the value 'rgb(0, 255, 0)', but the value was 'rgb(0, 255, 0) none repeat scroll 0% 0% / auto padding-box border-box'",
                "estack": "AssertionError: expected '<div#click-box.col-lg-12.text-center>' to have CSS property 'background' with the value 'rgb(0, 255, 0)', but the value was 'rgb(0, 255, 0) none repeat scroll 0% 0% / auto padding-box border-box'\n    at Context.eval (webpack:///./cypress/e2e/webdriver-uni/mouse-actions.js:32:37)",
                "diff": "- 'rgb(0, 255, 0) none repeat scroll 0% 0% / auto padding-box border-box'\n+ 'rgb(0, 255, 0)'\n"
              },
              "uuid": "790cc413-7661-4af3-973a-7db6b07dfc15",
              "parentUUID": "af6bc9f7-6f42-4f33-b869-69f32837f3d1",
              "isHook": false,
              "skipped": false
            }
          ],
          "suites": [],
          "passes": [],
          "failures": [
            "790cc413-7661-4af3-973a-7db6b07dfc15"
          ],
          "pending": [],
          "skipped": [],
          "duration": 5338,
          "root": false,
          "rootEmpty": false,
          "_timeout": 2000
        }
      ],
      "passes": [],
      "failures": [],
      "pending": [],
      "skipped": [],
      "duration": 0,
      "root": true,
      "rootEmpty": true,
      "_timeout": 2000
    }
  ],
  "meta": {
    "mocha": {
      "version": "7.0.1"
    },
    "mochawesome": {
      "options": {
        "quiet": false,
        "reportFilename": "mochawesome",
        "saveHtml": false,
        "saveJson": true,
        "consoleReporter": "spec",
        "useInlineDiffs": false,
        "code": true
      },
      "version": "7.1.3"
    },
    "marge": {
      "options": {
        "id": "default",
        "reportDir": "cypress/results/mochawesome",
        "quite": "true",
        "overwrite": "false",
        "html": "false",
        "json": "true"
      },
      "version": "6.2.0"
    }
  }
}