{
  "stats": {
    "suites": 1,
    "tests": 1,
    "passes": 1,
    "pending": 0,
    "failures": 0,
    "start": "2023-06-17T13:56:11.238Z",
    "end": "2023-06-17T13:56:17.832Z",
    "duration": 6594,
    "testsRegistered": 1,
    "passPercent": 100,
    "pendingPercent": 0,
    "other": 0,
    "hasOther": false,
    "skipped": 0,
    "hasSkipped": false
  },
  "results": [
    {
      "uuid": "44979dfd-d057-4b09-9625-2e413425d792",
      "title": "",
      "fullFile": "cypress\\e2e\\practice\\canvas.js",
      "file": "cypress\\e2e\\practice\\canvas.js",
      "beforeHooks": [],
      "afterHooks": [],
      "tests": [],
      "suites": [
        {
          "uuid": "c821528d-98eb-429b-85fb-55658e463989",
          "title": "Canvas",
          "fullFile": "",
          "file": "",
          "beforeHooks": [],
          "afterHooks": [],
          "tests": [
            {
              "title": "should click a button on  canvas",
              "fullTitle": "Canvas should click a button on  canvas",
              "timedOut": null,
              "duration": 3621,
              "state": "passed",
              "speed": "fast",
              "pass": true,
              "fail": false,
              "pending": false,
              "context": null,
              "code": "//cy.viewport('iphone-x')\ncy.get('#burger_canvas').then($canvas => {\n  // Get dimension of the canvas\n  const canvasWidth = $canvas.width();\n  const canvasHeight = $canvas.height();\n  // Divide in half since cursor will be at center of canvas\n  const canvasCenterX = canvasWidth / 2;\n  const canvasCenterY = canvasHeight / 2;\n  // Determine the click position by dissecting the space where the button is\n  // This helps allow the test to work responsively\n  const buttonX = canvasCenterX + canvasCenterX / 3 * 2;\n  const buttonY = canvasCenterY + canvasCenterY / 3 * 2;\n  // Wrap the canvas with the Cypress API, scroll it into view, and click in the location!\n  cy.wrap($canvas).scrollIntoView().click(buttonX, buttonY);\n  /*   \n   cy.eyeOpen({\n     appName: 'The kitchen',\n     testName: 'Canvas'\n   })  \n    cy.eyeCheckWindow();\n   cy.eyeClose();  */\n});",
              "err": {},
              "uuid": "2de60a62-2597-45e4-8c06-fcb3c010d650",
              "parentUUID": "c821528d-98eb-429b-85fb-55658e463989",
              "isHook": false,
              "skipped": false
            }
          ],
          "suites": [],
          "passes": [
            "2de60a62-2597-45e4-8c06-fcb3c010d650"
          ],
          "failures": [],
          "pending": [],
          "skipped": [],
          "duration": 3621,
          "root": false,
          "rootEmpty": false,
          "_timeout": 2000
        }
      ],
      "passes": [],
      "failures": [],
      "pending": [],
      "skipped": [],
      "duration": 0,
      "root": true,
      "rootEmpty": true,
      "_timeout": 2000
    }
  ],
  "meta": {
    "mocha": {
      "version": "7.0.1"
    },
    "mochawesome": {
      "options": {
        "quiet": false,
        "reportFilename": "mochawesome",
        "saveHtml": false,
        "saveJson": true,
        "consoleReporter": "spec",
        "useInlineDiffs": false,
        "code": true
      },
      "version": "7.1.3"
    },
    "marge": {
      "options": {
        "id": "default",
        "reportDir": "cypress/results/mochawesome",
        "quite": "true",
        "overwrite": "false",
        "html": "false",
        "json": "true"
      },
      "version": "6.2.0"
    }
  }
}