{
  "stats": {
    "suites": 1,
    "tests": 1,
    "passes": 1,
    "pending": 0,
    "failures": 0,
    "start": "2023-06-17T13:58:41.920Z",
    "end": "2023-06-17T13:58:45.561Z",
    "duration": 3641,
    "testsRegistered": 1,
    "passPercent": 100,
    "pendingPercent": 0,
    "other": 0,
    "hasOther": false,
    "skipped": 0,
    "hasSkipped": false
  },
  "results": [
    {
      "uuid": "3ff49a6b-b683-4343-b3ee-95e18b97e91f",
      "title": "",
      "fullFile": "cypress\\e2e\\practice\\menu-filter.js",
      "file": "cypress\\e2e\\practice\\menu-filter.js",
      "beforeHooks": [],
      "afterHooks": [],
      "tests": [],
      "suites": [
        {
          "uuid": "a62d4e03-1081-4deb-91d6-fa9209cf36d3",
          "title": "Menu Filter",
          "fullFile": "",
          "file": "",
          "beforeHooks": [],
          "afterHooks": [],
          "tests": [
            {
              "title": "should click on multiple menu item",
              "fullTitle": "Menu Filter should click on multiple menu item",
              "timedOut": null,
              "duration": 3609,
              "state": "passed",
              "speed": "fast",
              "pass": true,
              "fail": false,
              "pending": false,
              "context": null,
              "code": "//cy.get(\".ui.dropdown>*\").find('.dropdown.icon').invoke('attr', 'title').should('include', 'Add to Cart')\ncy.visit(\"http://www.webdriveruniversity.com/\");\ncy.get('#dropdown-checkboxes-radiobuttons').invoke('removeAttr', 'target').click({\n  force: true\n});\n//cy.get('#dropdowm-menu-1').select(\"C#\") */\ncy.drop_click('#dropdowm-menu-3', \"CSS\");",
              "err": {},
              "uuid": "5ec5f3cc-2a4e-47f5-94c2-f8b62ffff0e4",
              "parentUUID": "a62d4e03-1081-4deb-91d6-fa9209cf36d3",
              "isHook": false,
              "skipped": false
            }
          ],
          "suites": [],
          "passes": [
            "5ec5f3cc-2a4e-47f5-94c2-f8b62ffff0e4"
          ],
          "failures": [],
          "pending": [],
          "skipped": [],
          "duration": 3609,
          "root": false,
          "rootEmpty": false,
          "_timeout": 2000
        }
      ],
      "passes": [],
      "failures": [],
      "pending": [],
      "skipped": [],
      "duration": 0,
      "root": true,
      "rootEmpty": true,
      "_timeout": 2000
    }
  ],
  "meta": {
    "mocha": {
      "version": "7.0.1"
    },
    "mochawesome": {
      "options": {
        "quiet": false,
        "reportFilename": "mochawesome",
        "saveHtml": false,
        "saveJson": true,
        "consoleReporter": "spec",
        "useInlineDiffs": false,
        "code": true
      },
      "version": "7.1.3"
    },
    "marge": {
      "options": {
        "id": "default",
        "reportDir": "cypress/results/mochawesome",
        "quite": "true",
        "overwrite": "false",
        "html": "false",
        "json": "true"
      },
      "version": "6.2.0"
    }
  }
}