{
  "stats": {
    "suites": 1,
    "tests": 16,
    "passes": 16,
    "pending": 0,
    "failures": 0,
    "start": "2023-06-17T13:52:59.026Z",
    "end": "2023-06-17T13:53:11.370Z",
    "duration": 12344,
    "testsRegistered": 16,
    "passPercent": 100,
    "pendingPercent": 0,
    "other": 0,
    "hasOther": false,
    "skipped": 0,
    "hasSkipped": false
  },
  "results": [
    {
      "uuid": "27f173b9-1e32-40d5-84b8-0dbdd3dcf176",
      "title": "",
      "fullFile": "cypress\\e2e\\webdriver-uni\\traversing-elements.js",
      "file": "cypress\\e2e\\webdriver-uni\\traversing-elements.js",
      "beforeHooks": [],
      "afterHooks": [],
      "tests": [],
      "suites": [
        {
          "uuid": "0d25bb91-f1a4-4d33-bcf2-45b52a2847d7",
          "title": "Traversing DOM elements in Cypress",
          "fullFile": "",
          "file": "",
          "beforeHooks": [],
          "afterHooks": [],
          "tests": [
            {
              "title": "children() to get the children of DOM elements",
              "fullTitle": "Traversing DOM elements in Cypress children() to get the children of DOM elements",
              "timedOut": null,
              "duration": 2932,
              "state": "passed",
              "speed": "fast",
              "pass": true,
              "fail": false,
              "pending": false,
              "context": null,
              "code": "cy.get('.traversal-breadcrumb').children('.active').should('contain', 'Contact Us');",
              "err": {},
              "uuid": "de3a9090-3687-407a-8738-d9ce1307318c",
              "parentUUID": "0d25bb91-f1a4-4d33-bcf2-45b52a2847d7",
              "isHook": false,
              "skipped": false
            },
            {
              "title": "closest() to validate the closest ancestor DOM element",
              "fullTitle": "Traversing DOM elements in Cypress closest() to validate the closest ancestor DOM element",
              "timedOut": null,
              "duration": 507,
              "state": "passed",
              "speed": "fast",
              "pass": true,
              "fail": false,
              "pending": false,
              "context": null,
              "code": "cy.get('.traversal-badge').closest('ul').should('have.class', 'list-group');",
              "err": {},
              "uuid": "363639d1-713d-4bec-8cab-dd08e3d34435",
              "parentUUID": "0d25bb91-f1a4-4d33-bcf2-45b52a2847d7",
              "isHook": false,
              "skipped": false
            },
            {
              "title": "eq() to retrieve a specific element based on index",
              "fullTitle": "Traversing DOM elements in Cypress eq() to retrieve a specific element based on index",
              "timedOut": null,
              "duration": 474,
              "state": "passed",
              "speed": "fast",
              "pass": true,
              "fail": false,
              "pending": false,
              "context": null,
              "code": "cy.get('.traversal-drinks-list>*').eq(2).should('contain', 'Milk');",
              "err": {},
              "uuid": "ddb91e9e-f87e-43f3-a5f1-1ec2aa636f28",
              "parentUUID": "0d25bb91-f1a4-4d33-bcf2-45b52a2847d7",
              "isHook": false,
              "skipped": false
            },
            {
              "title": "filter() to retrieve DOM elements that match a specific selector",
              "fullTitle": "Traversing DOM elements in Cypress filter() to retrieve DOM elements that match a specific selector",
              "timedOut": null,
              "duration": 479,
              "state": "passed",
              "speed": "fast",
              "pass": true,
              "fail": false,
              "pending": false,
              "context": null,
              "code": "cy.get('.btn-group-toggle>*').filter('.active').should('contain', 'Button-1');",
              "err": {},
              "uuid": "5be1277f-27cb-44ad-9056-8006c38a010e",
              "parentUUID": "0d25bb91-f1a4-4d33-bcf2-45b52a2847d7",
              "isHook": false,
              "skipped": false
            },
            {
              "title": "find() to retrieve DOM elements of a given selector",
              "fullTitle": "Traversing DOM elements in Cypress find() to retrieve DOM elements of a given selector",
              "timedOut": null,
              "duration": 566,
              "state": "passed",
              "speed": "fast",
              "pass": true,
              "fail": false,
              "pending": false,
              "context": null,
              "code": "cy.get('.traversal-pagination').find('li').should('have.length', 7);",
              "err": {},
              "uuid": "f787fc10-447e-4c93-81eb-226856a3d1e2",
              "parentUUID": "0d25bb91-f1a4-4d33-bcf2-45b52a2847d7",
              "isHook": false,
              "skipped": false
            },
            {
              "title": "first() to retrieve the first DOM element within elements ",
              "fullTitle": "Traversing DOM elements in Cypress first() to retrieve the first DOM element within elements ",
              "timedOut": null,
              "duration": 525,
              "state": "passed",
              "speed": "fast",
              "pass": true,
              "fail": false,
              "pending": false,
              "context": null,
              "code": "cy.get('.traversal-table>tbody>tr>td').first().should('contain', 'Andy');",
              "err": {},
              "uuid": "9401688d-9549-4e38-aa69-2dd25131a0d2",
              "parentUUID": "0d25bb91-f1a4-4d33-bcf2-45b52a2847d7",
              "isHook": false,
              "skipped": false
            },
            {
              "title": "last() to retrieve the last DOM element within elements",
              "fullTitle": "Traversing DOM elements in Cypress last() to retrieve the last DOM element within elements",
              "timedOut": null,
              "duration": 553,
              "state": "passed",
              "speed": "fast",
              "pass": true,
              "fail": false,
              "pending": false,
              "context": null,
              "code": "cy.get('.traversal-table>tbody>tr>td').last().should('contain', 'Scott');",
              "err": {},
              "uuid": "29cb1b07-28ae-4010-87d4-1ae21fbb7db2",
              "parentUUID": "0d25bb91-f1a4-4d33-bcf2-45b52a2847d7",
              "isHook": false,
              "skipped": false
            },
            {
              "title": "nextAll() to get all of the next sibling DOM elements within elements",
              "fullTitle": "Traversing DOM elements in Cypress nextAll() to get all of the next sibling DOM elements within elements",
              "timedOut": null,
              "duration": 518,
              "state": "passed",
              "speed": "fast",
              "pass": true,
              "fail": false,
              "pending": false,
              "context": null,
              "code": "cy.get('.traversal-drinks-list').contains('Tea').nextAll().should('have.length', 3);",
              "err": {},
              "uuid": "457ab0d9-8bc9-4a93-b49f-92577dfe5726",
              "parentUUID": "0d25bb91-f1a4-4d33-bcf2-45b52a2847d7",
              "isHook": false,
              "skipped": false
            },
            {
              "title": "nextUntil() to get all of the next sibling DOM elements within elements until another element",
              "fullTitle": "Traversing DOM elements in Cypress nextUntil() to get all of the next sibling DOM elements within elements until another element",
              "timedOut": null,
              "duration": 589,
              "state": "passed",
              "speed": "fast",
              "pass": true,
              "fail": false,
              "pending": false,
              "context": null,
              "code": "cy.get('#coffee').nextUntil('#milk');",
              "err": {},
              "uuid": "e4f294b9-e548-4d14-bad0-90d11cf487fb",
              "parentUUID": "0d25bb91-f1a4-4d33-bcf2-45b52a2847d7",
              "isHook": false,
              "skipped": false
            },
            {
              "title": "not() to remove DOM element(s) from the set of elements",
              "fullTitle": "Traversing DOM elements in Cypress not() to remove DOM element(s) from the set of elements",
              "timedOut": null,
              "duration": 631,
              "state": "passed",
              "speed": "fast",
              "pass": true,
              "fail": false,
              "pending": false,
              "context": null,
              "code": "cy.get('.traversal-button-states>button').not('.disabled').should('not.have.class', 'disabled');",
              "err": {},
              "uuid": "e3379bf3-e56f-4c41-9369-6ccdbf9a699b",
              "parentUUID": "0d25bb91-f1a4-4d33-bcf2-45b52a2847d7",
              "isHook": false,
              "skipped": false
            },
            {
              "title": "parent() To get parent DOM element of elements",
              "fullTitle": "Traversing DOM elements in Cypress parent() To get parent DOM element of elements",
              "timedOut": null,
              "duration": 567,
              "state": "passed",
              "speed": "fast",
              "pass": true,
              "fail": false,
              "pending": false,
              "context": null,
              "code": "cy.get('.traversal-mark').parent().should('contain', 'Lorem ipsum dolor sit amet');",
              "err": {},
              "uuid": "cd5bc080-8655-47e4-b85d-04d7fbdcd3fa",
              "parentUUID": "0d25bb91-f1a4-4d33-bcf2-45b52a2847d7",
              "isHook": false,
              "skipped": false
            },
            {
              "title": "parents() to get parents DOM element of elements",
              "fullTitle": "Traversing DOM elements in Cypress parents() to get parents DOM element of elements",
              "timedOut": null,
              "duration": 526,
              "state": "passed",
              "speed": "fast",
              "pass": true,
              "fail": false,
              "pending": false,
              "context": null,
              "code": "cy.get('.traversal-cite').parents().should('match', 'blockquote');",
              "err": {},
              "uuid": "6ced47d7-3ab2-4437-b4af-f59380cc3111",
              "parentUUID": "0d25bb91-f1a4-4d33-bcf2-45b52a2847d7",
              "isHook": false,
              "skipped": false
            },
            {
              "title": "prev() to get the previous sibling DOM element within elements",
              "fullTitle": "Traversing DOM elements in Cypress prev() to get the previous sibling DOM element within elements",
              "timedOut": null,
              "duration": 1491,
              "state": "passed",
              "speed": "fast",
              "pass": true,
              "fail": false,
              "pending": false,
              "context": null,
              "code": "cy.get('#sugar').prev().contains('Espresso');",
              "err": {},
              "uuid": "7dcb1fe1-a5f4-4f15-b6d1-43b10cb8fa8a",
              "parentUUID": "0d25bb91-f1a4-4d33-bcf2-45b52a2847d7",
              "isHook": false,
              "skipped": false
            },
            {
              "title": "prevAll() to get all previous sibling DOM elements within elements",
              "fullTitle": "Traversing DOM elements in Cypress prevAll() to get all previous sibling DOM elements within elements",
              "timedOut": null,
              "duration": 776,
              "state": "passed",
              "speed": "fast",
              "pass": true,
              "fail": false,
              "pending": false,
              "context": null,
              "code": "cy.get('.sales').prevAll().should('have.length', 2);",
              "err": {},
              "uuid": "41857763-11f3-48a7-83a1-59761130d1e7",
              "parentUUID": "0d25bb91-f1a4-4d33-bcf2-45b52a2847d7",
              "isHook": false,
              "skipped": false
            },
            {
              "title": "prevUntil() to get all previous sibling DOM elements within elements until other element",
              "fullTitle": "Traversing DOM elements in Cypress prevUntil() to get all previous sibling DOM elements within elements until other element",
              "timedOut": null,
              "duration": 565,
              "state": "passed",
              "speed": "fast",
              "pass": true,
              "fail": false,
              "pending": false,
              "context": null,
              "code": "cy.get('#veggie').prevUntil('#fruits').should('have.length', 5);",
              "err": {},
              "uuid": "c9a4a752-4ab8-4bc7-bb44-bbd0abd8ffc9",
              "parentUUID": "0d25bb91-f1a4-4d33-bcf2-45b52a2847d7",
              "isHook": false,
              "skipped": false
            },
            {
              "title": "siblings() To get all sibling DOM elements of elements",
              "fullTitle": "Traversing DOM elements in Cypress siblings() To get all sibling DOM elements of elements",
              "timedOut": null,
              "duration": 566,
              "state": "passed",
              "speed": "fast",
              "pass": true,
              "fail": false,
              "pending": false,
              "context": null,
              "code": "cy.get('.traversal-button-other-states .active').siblings().should('have.length', 3);",
              "err": {},
              "uuid": "0b51fa3f-4cf9-472f-8ac9-9c12dcbbd9ed",
              "parentUUID": "0d25bb91-f1a4-4d33-bcf2-45b52a2847d7",
              "isHook": false,
              "skipped": false
            }
          ],
          "suites": [],
          "passes": [
            "de3a9090-3687-407a-8738-d9ce1307318c",
            "363639d1-713d-4bec-8cab-dd08e3d34435",
            "ddb91e9e-f87e-43f3-a5f1-1ec2aa636f28",
            "5be1277f-27cb-44ad-9056-8006c38a010e",
            "f787fc10-447e-4c93-81eb-226856a3d1e2",
            "9401688d-9549-4e38-aa69-2dd25131a0d2",
            "29cb1b07-28ae-4010-87d4-1ae21fbb7db2",
            "457ab0d9-8bc9-4a93-b49f-92577dfe5726",
            "e4f294b9-e548-4d14-bad0-90d11cf487fb",
            "e3379bf3-e56f-4c41-9369-6ccdbf9a699b",
            "cd5bc080-8655-47e4-b85d-04d7fbdcd3fa",
            "6ced47d7-3ab2-4437-b4af-f59380cc3111",
            "7dcb1fe1-a5f4-4f15-b6d1-43b10cb8fa8a",
            "41857763-11f3-48a7-83a1-59761130d1e7",
            "c9a4a752-4ab8-4bc7-bb44-bbd0abd8ffc9",
            "0b51fa3f-4cf9-472f-8ac9-9c12dcbbd9ed"
          ],
          "failures": [],
          "pending": [],
          "skipped": [],
          "duration": 12265,
          "root": false,
          "rootEmpty": false,
          "_timeout": 2000
        }
      ],
      "passes": [],
      "failures": [],
      "pending": [],
      "skipped": [],
      "duration": 0,
      "root": true,
      "rootEmpty": true,
      "_timeout": 2000
    }
  ],
  "meta": {
    "mocha": {
      "version": "7.0.1"
    },
    "mochawesome": {
      "options": {
        "quiet": false,
        "reportFilename": "mochawesome",
        "saveHtml": false,
        "saveJson": true,
        "consoleReporter": "spec",
        "useInlineDiffs": false,
        "code": true
      },
      "version": "7.1.3"
    },
    "marge": {
      "options": {
        "id": "default",
        "reportDir": "cypress/results/mochawesome",
        "quite": "true",
        "overwrite": "false",
        "html": "false",
        "json": "true"
      },
      "version": "6.2.0"
    }
  }
}