{
  "stats": {
    "suites": 1,
    "tests": 1,
    "passes": 1,
    "pending": 0,
    "failures": 0,
    "start": "2023-06-17T14:00:15.710Z",
    "end": "2023-06-17T14:00:25.554Z",
    "duration": 9844,
    "testsRegistered": 1,
    "passPercent": 100,
    "pendingPercent": 0,
    "other": 0,
    "hasOther": false,
    "skipped": 0,
    "hasSkipped": false
  },
  "results": [
    {
      "uuid": "c020a44a-fd19-400f-b32f-34c2dc7fa845",
      "title": "",
      "fullFile": "cypress\\e2e\\practice\\random-string.js",
      "file": "cypress\\e2e\\practice\\random-string.js",
      "beforeHooks": [],
      "afterHooks": [],
      "tests": [],
      "suites": [
        {
          "uuid": "b3cb0541-d768-4a97-a28e-82526038313e",
          "title": "Random word",
          "fullFile": "",
          "file": "",
          "beforeHooks": [],
          "afterHooks": [],
          "tests": [
            {
              "title": "Create random word",
              "fullTitle": "Random word Create random word",
              "timedOut": null,
              "duration": 6128,
              "state": "passed",
              "speed": "medium",
              "pass": true,
              "fail": false,
              "pending": false,
              "context": null,
              "code": "cy.visit(\"https://www.google.com\");\nconst uuid = () => Cypress._.random(0, 1e6);\nconst id = uuid();\nconst testname = `Farm${id}`;\ncy.get(\"textarea[name='q']\").type(testname);",
              "err": {},
              "uuid": "a92a08fb-5df2-4d84-9769-7f3af8106c45",
              "parentUUID": "b3cb0541-d768-4a97-a28e-82526038313e",
              "isHook": false,
              "skipped": false
            }
          ],
          "suites": [],
          "passes": [
            "a92a08fb-5df2-4d84-9769-7f3af8106c45"
          ],
          "failures": [],
          "pending": [],
          "skipped": [],
          "duration": 6128,
          "root": false,
          "rootEmpty": false,
          "_timeout": 2000
        }
      ],
      "passes": [],
      "failures": [],
      "pending": [],
      "skipped": [],
      "duration": 0,
      "root": true,
      "rootEmpty": true,
      "_timeout": 2000
    }
  ],
  "meta": {
    "mocha": {
      "version": "7.0.1"
    },
    "mochawesome": {
      "options": {
        "quiet": false,
        "reportFilename": "mochawesome",
        "saveHtml": false,
        "saveJson": true,
        "consoleReporter": "spec",
        "useInlineDiffs": false,
        "code": true
      },
      "version": "7.1.3"
    },
    "marge": {
      "options": {
        "id": "default",
        "reportDir": "cypress/results/mochawesome",
        "quite": "true",
        "overwrite": "false",
        "html": "false",
        "json": "true"
      },
      "version": "6.2.0"
    }
  }
}