{
  "stats": {
    "suites": 1,
    "tests": 3,
    "passes": 3,
    "pending": 0,
    "failures": 0,
    "start": "2023-06-17T15:41:05.208Z",
    "end": "2023-06-17T15:41:44.905Z",
    "duration": 39697,
    "testsRegistered": 3,
    "passPercent": 100,
    "pendingPercent": 0,
    "other": 0,
    "hasOther": false,
    "skipped": 0,
    "hasSkipped": false
  },
  "results": [
    {
      "uuid": "d98e2cff-fcc6-4aff-b97e-622530a64a0a",
      "title": "",
      "fullFile": "cypress\\e2e\\automation-test-store\\inspect-item.js",
      "file": "cypress\\e2e\\automation-test-store\\inspect-item.js",
      "beforeHooks": [],
      "afterHooks": [],
      "tests": [],
      "suites": [
        {
          "uuid": "c34d43b5-28e6-4be9-832b-81168436b157",
          "title": "Inspect Automation Test Store items using chain of commands",
          "fullFile": "",
          "file": "",
          "beforeHooks": [],
          "afterHooks": [],
          "tests": [
            {
              "title": "Click on the first item using item header",
              "fullTitle": "Inspect Automation Test Store items using chain of commands Click on the first item using item header",
              "timedOut": null,
              "duration": 17637,
              "state": "passed",
              "speed": "slow",
              "pass": true,
              "fail": false,
              "pending": false,
              "context": null,
              "code": "cy.visit(\"https://automationteststore.com/\");\ncy.get('#block_frame_featured_1769 > .thumbnails > :nth-child(1) > .fixed_wrapper > .fixed > .prdocutname').click();",
              "err": {},
              "uuid": "50bf1b8c-46ea-4258-aa46-6eb5d554ec10",
              "parentUUID": "c34d43b5-28e6-4be9-832b-81168436b157",
              "isHook": false,
              "skipped": false
            },
            {
              "title": "Click on the first item using item text",
              "fullTitle": "Inspect Automation Test Store items using chain of commands Click on the first item using item text",
              "timedOut": null,
              "duration": 9045,
              "state": "passed",
              "speed": "medium",
              "pass": true,
              "fail": false,
              "pending": false,
              "context": null,
              "code": "cy.visit(\"https://automationteststore.com/\");\ncy.get('.prdocutname').contains('Skinsheen Bronzer Stick').click().then(function (itemHeaderText) {\n  console.log(\"Selected the following item: \" + itemHeaderText.text());\n});",
              "err": {},
              "uuid": "cbd46d4c-abc5-4127-b8b1-6e1a3894b22c",
              "parentUUID": "c34d43b5-28e6-4be9-832b-81168436b157",
              "isHook": false,
              "skipped": false
            },
            {
              "title": "Click on the first item using index",
              "fullTitle": "Inspect Automation Test Store items using chain of commands Click on the first item using index",
              "timedOut": null,
              "duration": 9528,
              "state": "passed",
              "speed": "medium",
              "pass": true,
              "fail": false,
              "pending": false,
              "context": null,
              "code": "cy.visit(\"https://automationteststore.com/\");\ncy.get('.fixed_wrapper').find('.prdocutname').eq(0).click();",
              "err": {},
              "uuid": "1a1bdd2d-e086-4438-a378-77515ca1214c",
              "parentUUID": "c34d43b5-28e6-4be9-832b-81168436b157",
              "isHook": false,
              "skipped": false
            }
          ],
          "suites": [],
          "passes": [
            "50bf1b8c-46ea-4258-aa46-6eb5d554ec10",
            "cbd46d4c-abc5-4127-b8b1-6e1a3894b22c",
            "1a1bdd2d-e086-4438-a378-77515ca1214c"
          ],
          "failures": [],
          "pending": [],
          "skipped": [],
          "duration": 36210,
          "root": false,
          "rootEmpty": false,
          "_timeout": 2000
        }
      ],
      "passes": [],
      "failures": [],
      "pending": [],
      "skipped": [],
      "duration": 0,
      "root": true,
      "rootEmpty": true,
      "_timeout": 2000
    }
  ],
  "meta": {
    "mocha": {
      "version": "7.0.1"
    },
    "mochawesome": {
      "options": {
        "quiet": false,
        "reportFilename": "mochawesome",
        "saveHtml": false,
        "saveJson": true,
        "consoleReporter": "spec",
        "useInlineDiffs": false,
        "code": true
      },
      "version": "7.1.3"
    },
    "marge": {
      "options": {
        "id": "default",
        "reportDir": "cypress/results/mochawesome",
        "quite": "true",
        "overwrite": "false",
        "html": "false",
        "json": "true"
      },
      "version": "6.2.0"
    }
  }
}