{
  "stats": {
    "suites": 1,
    "tests": 1,
    "passes": 0,
    "pending": 0,
    "failures": 1,
    "start": "2023-06-17T15:23:54.704Z",
    "end": "2023-06-17T15:26:12.012Z",
    "duration": 137308,
    "testsRegistered": 1,
    "passPercent": 0,
    "pendingPercent": 0,
    "other": 0,
    "hasOther": false,
    "skipped": 0,
    "hasSkipped": false
  },
  "results": [
    {
      "uuid": "7ef7b0d5-4f07-40e0-8df9-8b4a6045480b",
      "title": "",
      "fullFile": "cypress\\e2e\\automation-test-store\\contact-us.js",
      "file": "cypress\\e2e\\automation-test-store\\contact-us.js",
      "beforeHooks": [],
      "afterHooks": [],
      "tests": [],
      "suites": [
        {
          "uuid": "f386a43c-a325-4b14-8374-96ba9f888f42",
          "title": "Test Contact Us from via Automation Test Stores",
          "fullFile": "",
          "file": "",
          "beforeHooks": [],
          "afterHooks": [],
          "tests": [
            {
              "title": "Should be able to submit a successful submission via contact us form",
              "fullTitle": "Test Contact Us from via Automation Test Stores Should be able to submit a successful submission via contact us form",
              "timedOut": null,
              "duration": 34460,
              "state": "failed",
              "speed": null,
              "pass": false,
              "fail": true,
              "pending": false,
              "context": null,
              "code": "cy.visit(\"https://www.automationteststore.com/\");\ncy.get(\"a[href$='contact']555\").click().then(function (linkText) {\n  cy.log(\"Clicked on link using text: \" + linkText.text());\n});\n//cy.xpath(\"//a[contains(@href, 'contact')]\").click();\ncy.get(\"@user\").then(user => {\n  cy.get('#ContactUsFrm_first_name').type(user.first_name);\n  cy.get('#ContactUsFrm_email').type(user.email);\n});\ncy.get('#ContactUsFrm_email').should('have.attr', 'name', 'email');\ncy.get('#ContactUsFrm_enquiry').type(\"Do you provide additional discount on bulk orders?\");\ncy.get(\"button[title='Submit']\").click();\ncy.get('.mb40 > :nth-child(3)').should('have.text', 'Your enquiry has been successfully sent to the store owner!');\ncy.log(\"Test has completed!\");",
              "err": {
                "message": "AssertionError: Timed out retrying after 20000ms: Expected to find element: `a[href$='contact']555`, but never found it.",
                "estack": "AssertionError: Timed out retrying after 20000ms: Expected to find element: `a[href$='contact']555`, but never found it.\n    at Context.eval (webpack:///./cypress/e2e/automation-test-store/contact-us.js:41:11)",
                "diff": null
              },
              "uuid": "67c5d843-201f-4083-a389-e4720036833b",
              "parentUUID": "f386a43c-a325-4b14-8374-96ba9f888f42",
              "isHook": false,
              "skipped": false
            }
          ],
          "suites": [],
          "passes": [],
          "failures": [
            "67c5d843-201f-4083-a389-e4720036833b"
          ],
          "pending": [],
          "skipped": [],
          "duration": 34460,
          "root": false,
          "rootEmpty": false,
          "_timeout": 2000
        }
      ],
      "passes": [],
      "failures": [],
      "pending": [],
      "skipped": [],
      "duration": 0,
      "root": true,
      "rootEmpty": true,
      "_timeout": 2000
    }
  ],
  "meta": {
    "mocha": {
      "version": "7.0.1"
    },
    "mochawesome": {
      "options": {
        "quiet": false,
        "reportFilename": "mochawesome",
        "saveHtml": false,
        "saveJson": true,
        "consoleReporter": "spec",
        "useInlineDiffs": false,
        "code": true
      },
      "version": "7.1.3"
    },
    "marge": {
      "options": {
        "id": "default",
        "reportDir": "cypress/results/mochawesome",
        "quite": "true",
        "overwrite": "false",
        "html": "false",
        "json": "true"
      },
      "version": "6.2.0"
    }
  }
}