{
  "stats": {
    "suites": 1,
    "tests": 1,
    "passes": 1,
    "pending": 0,
    "failures": 0,
    "start": "2023-06-17T13:55:52.398Z",
    "end": "2023-06-17T13:56:09.671Z",
    "duration": 17273,
    "testsRegistered": 1,
    "passPercent": 100,
    "pendingPercent": 0,
    "other": 0,
    "hasOther": false,
    "skipped": 0,
    "hasSkipped": false
  },
  "results": [
    {
      "uuid": "03a17d09-aada-41ff-831a-28f58aadc729",
      "title": "",
      "fullFile": "cypress\\e2e\\practice\\canvas-p.js",
      "file": "cypress\\e2e\\practice\\canvas-p.js",
      "beforeHooks": [],
      "afterHooks": [],
      "tests": [],
      "suites": [
        {
          "uuid": "b4d3f1c1-c9c7-41ad-b174-1f590c2cd09e",
          "title": "CanvasGoogle",
          "fullFile": "",
          "file": "",
          "beforeHooks": [],
          "afterHooks": [],
          "tests": [
            {
              "title": "should click on a map",
              "fullTitle": "CanvasGoogle should click on a map",
              "timedOut": null,
              "duration": 15005,
              "state": "passed",
              "speed": "slow",
              "pass": true,
              "fail": false,
              "pending": false,
              "context": null,
              "code": "cy.canvas_click(700, 600);",
              "err": {},
              "uuid": "7bd0aab4-5cc2-4202-a225-5bc4480b80c9",
              "parentUUID": "b4d3f1c1-c9c7-41ad-b174-1f590c2cd09e",
              "isHook": false,
              "skipped": false
            }
          ],
          "suites": [],
          "passes": [
            "7bd0aab4-5cc2-4202-a225-5bc4480b80c9"
          ],
          "failures": [],
          "pending": [],
          "skipped": [],
          "duration": 15005,
          "root": false,
          "rootEmpty": false,
          "_timeout": 2000
        }
      ],
      "passes": [],
      "failures": [],
      "pending": [],
      "skipped": [],
      "duration": 0,
      "root": true,
      "rootEmpty": true,
      "_timeout": 2000
    }
  ],
  "meta": {
    "mocha": {
      "version": "7.0.1"
    },
    "mochawesome": {
      "options": {
        "quiet": false,
        "reportFilename": "mochawesome",
        "saveHtml": false,
        "saveJson": true,
        "consoleReporter": "spec",
        "useInlineDiffs": false,
        "code": true
      },
      "version": "7.1.3"
    },
    "marge": {
      "options": {
        "id": "default",
        "reportDir": "cypress/results/mochawesome",
        "quite": "true",
        "overwrite": "false",
        "html": "false",
        "json": "true"
      },
      "version": "6.2.0"
    }
  }
}