{
  "stats": {
    "suites": 1,
    "tests": 3,
    "passes": 0,
    "pending": 0,
    "failures": 3,
    "start": "2023-06-17T13:57:16.405Z",
    "end": "2023-06-17T13:58:39.663Z",
    "duration": 83258,
    "testsRegistered": 3,
    "passPercent": 0,
    "pendingPercent": 0,
    "other": 0,
    "hasOther": false,
    "skipped": 0,
    "hasSkipped": false
  },
  "results": [
    {
      "uuid": "ed36ceb9-a789-494c-b38b-aef839cdcfb1",
      "title": "",
      "fullFile": "cypress\\e2e\\practice\\firelawn-p.js",
      "file": "cypress\\e2e\\practice\\firelawn-p.js",
      "beforeHooks": [],
      "afterHooks": [],
      "tests": [],
      "suites": [
        {
          "uuid": "14e4cbe7-c82b-4f9c-8a3b-37100baf05dd",
          "title": "Firelawn new site login",
          "fullFile": "",
          "file": "",
          "beforeHooks": [],
          "afterHooks": [],
          "tests": [
            {
              "title": "Login",
              "fullTitle": "Firelawn new site login Login",
              "timedOut": null,
              "duration": 40485,
              "state": "failed",
              "speed": null,
              "pass": false,
              "fail": true,
              "pending": false,
              "context": null,
              "code": "cy.session('Login Session', () => {\n  cy.visit(\"https://www.firelawn.com/\");\n  cy.fixture('example').then(data => {\n    //cy.wait(20000).Click_button('#loginBtn');\n    cy.get('#loginBtn', {\n      timeout: 30000\n    }).should('be.visible');\n    cy.Click_button('#loginBtn');\n    cy.get('#Email').type(data.email1); //email\n    cy.get('#Password').type(data.password); //password\n    cy.Click_button('#Login');\n    cy.wait(10000);\n    cy.get('#mem').should('be.visible');\n  });\n});",
              "err": {
                "message": "AssertionError: Timed out retrying after 30000ms: Expected to find element: `#loginBtn`, but never found it.\n\nThis error occurred while creating the session. Because the session setup failed, we failed the test.",
                "estack": "AssertionError: Timed out retrying after 30000ms: Expected to find element: `#loginBtn`, but never found it.\n\nThis error occurred while creating the session. Because the session setup failed, we failed the test.\n    at Context.eval (webpack:///./cypress/e2e/practice/firelawn-p.js:11:53)",
                "diff": null
              },
              "uuid": "3a821942-3361-4dab-8b26-9dff65f35386",
              "parentUUID": "14e4cbe7-c82b-4f9c-8a3b-37100baf05dd",
              "isHook": false,
              "skipped": false
            },
            {
              "title": "Men button click",
              "fullTitle": "Firelawn new site login Men button click",
              "timedOut": null,
              "duration": 20592,
              "state": "failed",
              "speed": null,
              "pass": false,
              "fail": true,
              "pending": false,
              "context": null,
              "code": "cy.wait(10000);\ncy.get('#mem').should('be.visible');",
              "err": {
                "message": "AssertionError: Timed out retrying after 10000ms: Expected to find element: `#mem`, but never found it.",
                "estack": "AssertionError: Timed out retrying after 10000ms: Expected to find element: `#mem`, but never found it.\n    at Context.eval (webpack:///./cypress/e2e/practice/firelawn-p.js:28:27)",
                "diff": null
              },
              "uuid": "088c3668-959b-48ff-be12-89e7d7547d82",
              "parentUUID": "14e4cbe7-c82b-4f9c-8a3b-37100baf05dd",
              "isHook": false,
              "skipped": false
            },
            {
              "title": "Women button click",
              "fullTitle": "Firelawn new site login Women button click",
              "timedOut": null,
              "duration": 20298,
              "state": "failed",
              "speed": null,
              "pass": false,
              "fail": true,
              "pending": false,
              "context": null,
              "code": "cy.wait(10000);\ncy.get('#womem').should('be.visible');",
              "err": {
                "message": "AssertionError: Timed out retrying after 10000ms: Expected to find element: `#womem`, but never found it.",
                "estack": "AssertionError: Timed out retrying after 10000ms: Expected to find element: `#womem`, but never found it.\n    at Context.eval (webpack:///./cypress/e2e/practice/firelawn-p.js:33:29)",
                "diff": null
              },
              "uuid": "f784295e-cc05-4f0c-b948-3b6779d855e8",
              "parentUUID": "14e4cbe7-c82b-4f9c-8a3b-37100baf05dd",
              "isHook": false,
              "skipped": false
            }
          ],
          "suites": [],
          "passes": [],
          "failures": [
            "3a821942-3361-4dab-8b26-9dff65f35386",
            "088c3668-959b-48ff-be12-89e7d7547d82",
            "f784295e-cc05-4f0c-b948-3b6779d855e8"
          ],
          "pending": [],
          "skipped": [],
          "duration": 81375,
          "root": false,
          "rootEmpty": false,
          "_timeout": 2000
        }
      ],
      "passes": [],
      "failures": [],
      "pending": [],
      "skipped": [],
      "duration": 0,
      "root": true,
      "rootEmpty": true,
      "_timeout": 2000
    }
  ],
  "meta": {
    "mocha": {
      "version": "7.0.1"
    },
    "mochawesome": {
      "options": {
        "quiet": false,
        "reportFilename": "mochawesome",
        "saveHtml": false,
        "saveJson": true,
        "consoleReporter": "spec",
        "useInlineDiffs": false,
        "code": true
      },
      "version": "7.1.3"
    },
    "marge": {
      "options": {
        "id": "default",
        "reportDir": "cypress/results/mochawesome",
        "quite": "true",
        "overwrite": "false",
        "html": "false",
        "json": "true"
      },
      "version": "6.2.0"
    }
  }
}