{
  "stats": {
    "suites": 1,
    "tests": 3,
    "passes": 3,
    "pending": 0,
    "failures": 0,
    "start": "2023-06-17T13:51:54.538Z",
    "end": "2023-06-17T13:51:57.460Z",
    "duration": 2922,
    "testsRegistered": 3,
    "passPercent": 100,
    "pendingPercent": 0,
    "other": 0,
    "hasOther": false,
    "skipped": 0,
    "hasSkipped": false
  },
  "results": [
    {
      "uuid": "f3ae0cf8-0ed7-4969-a784-2aac9b71b873",
      "title": "",
      "fullFile": "cypress\\e2e\\webdriver-uni\\checkboxes.js",
      "file": "cypress\\e2e\\webdriver-uni\\checkboxes.js",
      "beforeHooks": [],
      "afterHooks": [],
      "tests": [],
      "suites": [
        {
          "uuid": "9d36676d-a35a-436e-ae03-f1181a38a8d7",
          "title": "Verify checkboxes via webdriverUni",
          "fullFile": "",
          "file": "",
          "beforeHooks": [],
          "afterHooks": [],
          "tests": [
            {
              "title": "Check and validate checkbox",
              "fullTitle": "Verify checkboxes via webdriverUni Check and validate checkbox",
              "timedOut": null,
              "duration": 1801,
              "state": "passed",
              "speed": "fast",
              "pass": true,
              "fail": false,
              "pending": false,
              "context": null,
              "code": "//cy.get('#checkboxes > :nth-child(1) > input').check()\n//cy.get('#checkboxes > :nth-child(1) > input').check().should('be.checked')\ncy.get('#checkboxes > :nth-child(1) > input').as('option-1');\n//cy.get('@option-1').check()\ncy.get('@option-1').check().should('be.checked');",
              "err": {},
              "uuid": "39d017b9-4043-4ac6-ba27-2c590d11a42f",
              "parentUUID": "9d36676d-a35a-436e-ae03-f1181a38a8d7",
              "isHook": false,
              "skipped": false
            },
            {
              "title": "Unheck and validate checkbox",
              "fullTitle": "Verify checkboxes via webdriverUni Unheck and validate checkbox",
              "timedOut": null,
              "duration": 569,
              "state": "passed",
              "speed": "fast",
              "pass": true,
              "fail": false,
              "pending": false,
              "context": null,
              "code": "cy.get(':nth-child(5) > input').as('option-3');\ncy.get('@option-3').uncheck().should('not.be.checked');",
              "err": {},
              "uuid": "d67d0b1b-8abb-41ad-a17d-c09dab116141",
              "parentUUID": "9d36676d-a35a-436e-ae03-f1181a38a8d7",
              "isHook": false,
              "skipped": false
            },
            {
              "title": "Check multiple checkboxes",
              "fullTitle": "Verify checkboxes via webdriverUni Check multiple checkboxes",
              "timedOut": null,
              "duration": 528,
              "state": "passed",
              "speed": "fast",
              "pass": true,
              "fail": false,
              "pending": false,
              "context": null,
              "code": "//cy.get(\"input[type='checkbox']\").check([\"option-1\",\"option-2\",\"option-3\",\"option-4\"]).should('be.checked')\ncy.get(\"input[type='checkbox']\").check();",
              "err": {},
              "uuid": "6de96f53-5115-48e2-8877-02950428ee53",
              "parentUUID": "9d36676d-a35a-436e-ae03-f1181a38a8d7",
              "isHook": false,
              "skipped": false
            }
          ],
          "suites": [],
          "passes": [
            "39d017b9-4043-4ac6-ba27-2c590d11a42f",
            "d67d0b1b-8abb-41ad-a17d-c09dab116141",
            "6de96f53-5115-48e2-8877-02950428ee53"
          ],
          "failures": [],
          "pending": [],
          "skipped": [],
          "duration": 2898,
          "root": false,
          "rootEmpty": false,
          "_timeout": 2000
        }
      ],
      "passes": [],
      "failures": [],
      "pending": [],
      "skipped": [],
      "duration": 0,
      "root": true,
      "rootEmpty": true,
      "_timeout": 2000
    }
  ],
  "meta": {
    "mocha": {
      "version": "7.0.1"
    },
    "mochawesome": {
      "options": {
        "quiet": false,
        "reportFilename": "mochawesome",
        "saveHtml": false,
        "saveJson": true,
        "consoleReporter": "spec",
        "useInlineDiffs": false,
        "code": true
      },
      "version": "7.1.3"
    },
    "marge": {
      "options": {
        "id": "default",
        "reportDir": "cypress/results/mochawesome",
        "quite": "true",
        "overwrite": "false",
        "html": "false",
        "json": "true"
      },
      "version": "6.2.0"
    }
  }
}