{
  "stats": {
    "suites": 1,
    "tests": 2,
    "passes": 2,
    "pending": 0,
    "failures": 0,
    "start": "2023-06-17T13:52:27.287Z",
    "end": "2023-06-17T13:52:30.726Z",
    "duration": 3439,
    "testsRegistered": 2,
    "passPercent": 100,
    "pendingPercent": 0,
    "other": 0,
    "hasOther": false,
    "skipped": 0,
    "hasSkipped": false
  },
  "results": [
    {
      "uuid": "7227b71a-a6f4-4aa3-8316-2316a5b35f33",
      "title": "",
      "fullFile": "cypress\\e2e\\webdriver-uni\\file-upload.js",
      "file": "cypress\\e2e\\webdriver-uni\\file-upload.js",
      "beforeHooks": [],
      "afterHooks": [],
      "tests": [],
      "suites": [
        {
          "uuid": "e51ca98b-2e8a-4267-b7b9-42e1b5355776",
          "title": "Test file upload via webdriveruni",
          "fullFile": "",
          "file": "",
          "beforeHooks": [],
          "afterHooks": [],
          "tests": [
            {
              "title": "Upload a file",
              "fullTitle": "Test file upload via webdriveruni Upload a file",
              "timedOut": null,
              "duration": 2670,
              "state": "passed",
              "speed": "fast",
              "pass": true,
              "fail": false,
              "pending": false,
              "context": null,
              "code": "cy.visit(\"http://www.webdriveruniversity.com/\");\ncy.get(\"#file-upload\").invoke(\"removeAttr\", \"target\").click({\n  force: true\n});\ncy.get('#myFile').selectFile(\"cypress/fixtures/laptop.png\");\ncy.get('#submit-button').click();",
              "err": {},
              "uuid": "655d2301-89b0-4ed1-8e3f-3708c6d2a4fa",
              "parentUUID": "e51ca98b-2e8a-4267-b7b9-42e1b5355776",
              "isHook": false,
              "skipped": false
            },
            {
              "title": "Upload No file...",
              "fullTitle": "Test file upload via webdriveruni Upload No file...",
              "timedOut": null,
              "duration": 710,
              "state": "passed",
              "speed": "fast",
              "pass": true,
              "fail": false,
              "pending": false,
              "context": null,
              "code": "cy.visit(\"http://www.webdriveruniversity.com/\");\ncy.get(\"#file-upload\").invoke(\"removeAttr\", \"target\").click({\n  force: true\n});\ncy.get('#submit-button').click();",
              "err": {},
              "uuid": "2f0118c3-f205-49c9-9de9-14075a95f663",
              "parentUUID": "e51ca98b-2e8a-4267-b7b9-42e1b5355776",
              "isHook": false,
              "skipped": false
            }
          ],
          "suites": [],
          "passes": [
            "655d2301-89b0-4ed1-8e3f-3708c6d2a4fa",
            "2f0118c3-f205-49c9-9de9-14075a95f663"
          ],
          "failures": [],
          "pending": [],
          "skipped": [],
          "duration": 3380,
          "root": false,
          "rootEmpty": false,
          "_timeout": 2000
        }
      ],
      "passes": [],
      "failures": [],
      "pending": [],
      "skipped": [],
      "duration": 0,
      "root": true,
      "rootEmpty": true,
      "_timeout": 2000
    }
  ],
  "meta": {
    "mocha": {
      "version": "7.0.1"
    },
    "mochawesome": {
      "options": {
        "quiet": false,
        "reportFilename": "mochawesome",
        "saveHtml": false,
        "saveJson": true,
        "consoleReporter": "spec",
        "useInlineDiffs": false,
        "code": true
      },
      "version": "7.1.3"
    },
    "marge": {
      "options": {
        "id": "default",
        "reportDir": "cypress/results/mochawesome",
        "quite": "true",
        "overwrite": "false",
        "html": "false",
        "json": "true"
      },
      "version": "6.2.0"
    }
  }
}